#
# There is insufficient memory for the Java Runtime Environment to continue.
# Native memory allocation (malloc) failed to allocate 32784 bytes for Chunk::new
# Possible reasons:
#   The system is out of physical RAM or swap space
#   The process is running with CompressedOops enabled, and the Java Heap may be blocking the growth of the native heap
# Possible solutions:
#   Reduce memory load on the system
#   Increase physical memory or swap space
#   Check if swap backing store is full
#   Decrease Java heap size (-Xmx/-Xms)
#   Decrease number of Java threads
#   Decrease Java thread stack sizes (-Xss)
#   Set larger code cache with -XX:ReservedCodeCacheSize=
#   JVM is running with Unscaled Compressed Oops mode in which the Java heap is
#     placed in the first 4GB address space. The Java Heap base address is the
#     maximum limit for the native heap growth. Please use -XX:HeapBaseMinAddress
#     to set the Java Heap base and to place the Java Heap above 4GB virtual address.
# This output file may be truncated or incomplete.
#
#  Out of Memory Error (allocation.cpp:389), pid=2216, tid=0x0000000000002620
#
# JRE version: OpenJDK Runtime Environment (8.0_242-b01) (build 1.8.0_242-release-1644-b01)
# Java VM: OpenJDK 64-Bit Server VM (25.242-b01 mixed mode windows-amd64 compressed oops)
# Failed to write core dump. Minidumps are not enabled by default on client versions of Windows
#

---------------  T H R E A D  ---------------

Current thread (0x0000000019920000):  JavaThread "C2 CompilerThread2" daemon [_thread_in_native, id=9760, stack(0x000000001a3f0000,0x000000001a4f0000)]

Stack: [0x000000001a3f0000,0x000000001a4f0000]
[error occurred during error reporting (printing stack bounds), id 0xc0000005]

Native frames: (J=compiled Java code, j=interpreted, Vv=VM code, C=native code)


Current CompileTask:
C2:  38461 9716       4       com.google.common.collect.MapMakerInternalMap::putIfAbsent (29 bytes)


---------------  P R O C E S S  ---------------

Java Threads: ( => current thread )
  0x000000001eb35800 JavaThread "stdout" [_thread_in_native, id=2452, stack(0x0000000030ab0000,0x0000000030bb0000)]
  0x000000001eb31000 JavaThread "stderr" [_thread_in_native, id=1336, stack(0x00000000309b0000,0x0000000030ab0000)]
  0x000000001eb35000 JavaThread "stdout" [_thread_in_native, id=3592, stack(0x0000000030760000,0x0000000030860000)]
  0x000000001eb36800 JavaThread "stderr" [_thread_in_native, id=1220, stack(0x0000000030660000,0x0000000030760000)]
  0x000000001eb33800 JavaThread "stdout" [_thread_in_native, id=8860, stack(0x0000000030560000,0x0000000030660000)]
  0x000000001eb34000 JavaThread "stderr" [_thread_in_native, id=7036, stack(0x0000000030460000,0x0000000030560000)]
  0x000000001eb32800 JavaThread "stdout" [_thread_in_native, id=6576, stack(0x00000000300c0000,0x00000000301c0000)]
  0x000000001eb32000 JavaThread "stderr" [_thread_in_native, id=9948, stack(0x000000002ffc0000,0x00000000300c0000)]
  0x000000001ece7000 JavaThread "stdout" [_thread_in_native, id=1252, stack(0x000000002fec0000,0x000000002ffc0000)]
  0x000000001f358800 JavaThread "stderr" [_thread_in_native, id=7472, stack(0x000000002fdc0000,0x000000002fec0000)]
  0x000000001f357800 JavaThread "stdout" [_thread_in_native, id=6772, stack(0x000000002fcc0000,0x000000002fdc0000)]
  0x000000001f357000 JavaThread "stderr" [_thread_in_native, id=3564, stack(0x000000002fbc0000,0x000000002fcc0000)]
  0x000000001f35d800 JavaThread "stdout" [_thread_in_native, id=7276, stack(0x000000002fac0000,0x000000002fbc0000)]
  0x000000001f35d000 JavaThread "stderr" [_thread_in_native, id=10004, stack(0x000000002f9c0000,0x000000002fac0000)]
  0x000000001f35c000 JavaThread "stdout" [_thread_in_native, id=9528, stack(0x000000002f8c0000,0x000000002f9c0000)]
  0x000000001f35b800 JavaThread "stderr" [_thread_in_native, id=10220, stack(0x000000002f530000,0x000000002f630000)]
  0x000000001f35a800 JavaThread "pool-2-thread-1" [_thread_blocked, id=1420, stack(0x000000002f2d0000,0x000000002f3d0000)]
  0x000000001f359000 JavaThread "MarlinRenderer Disposer" daemon [_thread_blocked, id=7208, stack(0x000000002f430000,0x000000002f530000)]
  0x000000001f34f800 JavaThread "Java2D Disposer" daemon [_thread_blocked, id=1264, stack(0x000000002f180000,0x000000002f280000)]
  0x000000001f354000 JavaThread "WorkerExecutor Queue Thread 8" [_thread_blocked, id=1760, stack(0x000000002f080000,0x000000002f180000)]
  0x000000001f356000 JavaThread "WorkerExecutor Queue Thread 7" [_thread_blocked, id=2692, stack(0x000000002ef80000,0x000000002f080000)]
  0x000000001f353000 JavaThread "WorkerExecutor Queue Thread 6" [_thread_blocked, id=2768, stack(0x000000002ee80000,0x000000002ef80000)]
  0x000000001f34e800 JavaThread "WorkerExecutor Queue Thread 5" [_thread_blocked, id=6508, stack(0x000000002ed80000,0x000000002ee80000)]
  0x000000001f351800 JavaThread "WorkerExecutor Queue Thread 4" [_thread_blocked, id=6988, stack(0x000000002ec80000,0x000000002ed80000)]
  0x000000001f351000 JavaThread "WorkerExecutor Queue Thread 3" [_thread_blocked, id=1444, stack(0x000000002e980000,0x000000002ea80000)]
  0x000000001f354800 JavaThread "WorkerExecutor Queue Thread 2" [_thread_blocked, id=3376, stack(0x000000002e880000,0x000000002e980000)]
  0x000000001f352800 JavaThread "WorkerExecutor Queue" [_thread_blocked, id=6056, stack(0x000000002da50000,0x000000002db50000)]
  0x000000001ece5800 JavaThread "Cache worker for execution history cache (C:\Users\Eduardo\AndroidStudioProjects\CalculadoraDeNotas\.gradle\6.5\executionHistory)" [_thread_blocked, id=7912, stack(0x000000002e380000,0x000000002e480000)]
  0x000000001ece5000 JavaThread "Execution worker for ':' Thread 7" [_thread_blocked, id=9660, stack(0x000000002e180000,0x000000002e280000)]
  0x000000001ece4000 JavaThread "Execution worker for ':' Thread 6" [_thread_blocked, id=5408, stack(0x000000002e080000,0x000000002e180000)]
  0x000000001ecdc800 JavaThread "Execution worker for ':' Thread 5" [_thread_blocked, id=8292, stack(0x000000002df80000,0x000000002e080000)]
  0x000000001ecdf800 JavaThread "Execution worker for ':' Thread 4" [_thread_blocked, id=5876, stack(0x000000002de80000,0x000000002df80000)]
  0x000000001ece3800 JavaThread "Execution worker for ':' Thread 3" [_thread_blocked, id=2220, stack(0x000000002dd80000,0x000000002de80000)]
  0x000000001ecde000 JavaThread "Execution worker for ':' Thread 2" [_thread_blocked, id=9904, stack(0x000000002dc80000,0x000000002dd80000)]
  0x000000001ecdd800 JavaThread "Execution worker for ':'" [_thread_blocked, id=3220, stack(0x000000002db80000,0x000000002dc80000)]
  0x000000001ecdc000 JavaThread "Cache worker for file content cache (C:\Users\Eduardo\AndroidStudioProjects\CalculadoraDeNotas\.gradle\6.5\fileContent)" [_thread_blocked, id=5028, stack(0x000000002d550000,0x000000002d650000)]
  0x000000001ece2800 JavaThread "Memory manager" [_thread_blocked, id=9536, stack(0x000000002c0a0000,0x000000002c1a0000)]
  0x000000001ece1000 JavaThread "pool-1-thread-1" [_thread_blocked, id=384, stack(0x000000002bfa0000,0x000000002c0a0000)]
  0x000000001ece2000 JavaThread "Cache worker for Build Output Cleanup Cache (C:\Users\Eduardo\AndroidStudioProjects\CalculadoraDeNotas\.gradle\buildOutputCleanup)" [_thread_blocked, id=5852, stack(0x000000002c250000,0x000000002c350000)]
  0x000000001ece0800 JavaThread "jar transforms Thread 114" [_thread_blocked, id=7460, stack(0x000000002bca0000,0x000000002bda0000)]
  0x000000001ecdb000 JavaThread "jar transforms Thread 113" [_thread_blocked, id=1060, stack(0x000000002bba0000,0x000000002bca0000)]
  0x000000001ecdf000 JavaThread "jar transforms Thread 112" [_thread_blocked, id=4572, stack(0x000000002baa0000,0x000000002bba0000)]
  0x000000001ecd8000 JavaThread "jar transforms Thread 111" [_thread_blocked, id=9688, stack(0x000000002b9a0000,0x000000002baa0000)]
  0x000000001ecd9800 JavaThread "jar transforms Thread 110" [_thread_blocked, id=2164, stack(0x000000002b8a0000,0x000000002b9a0000)]
  0x000000001ecda800 JavaThread "jar transforms Thread 109" [_thread_blocked, id=2032, stack(0x000000002b7a0000,0x000000002b8a0000)]
  0x000000001ecd9000 JavaThread "jar transforms Thread 108" [_thread_blocked, id=3740, stack(0x000000002b6a0000,0x000000002b7a0000)]
  0x000000001f8a4800 JavaThread "jar transforms Thread 107" [_thread_blocked, id=4276, stack(0x000000002b5a0000,0x000000002b6a0000)]
  0x000000001f8a3800 JavaThread "jar transforms Thread 106" [_thread_blocked, id=1680, stack(0x000000002b4a0000,0x000000002b5a0000)]
  0x000000001f8a3000 JavaThread "jar transforms Thread 105" [_thread_blocked, id=7004, stack(0x000000002b3a0000,0x000000002b4a0000)]
  0x000000001f8a1800 JavaThread "jar transforms Thread 104" [_thread_blocked, id=8096, stack(0x000000002b2a0000,0x000000002b3a0000)]
  0x000000001f8a6000 JavaThread "jar transforms Thread 103" [_thread_blocked, id=9296, stack(0x000000002b1a0000,0x000000002b2a0000)]
  0x000000001f8a5000 JavaThread "jar transforms Thread 102" [_thread_blocked, id=7052, stack(0x000000002b0a0000,0x000000002b1a0000)]
  0x000000001f8a2000 JavaThread "jar transforms Thread 101" [_thread_blocked, id=3056, stack(0x000000002afa0000,0x000000002b0a0000)]
  0x000000001f899800 JavaThread "jar transforms Thread 100" [_thread_blocked, id=6084, stack(0x000000002aea0000,0x000000002afa0000)]
  0x000000001f8a0000 JavaThread "jar transforms Thread 99" [_thread_blocked, id=4760, stack(0x000000002ada0000,0x000000002aea0000)]
  0x000000001f89e800 JavaThread "jar transforms Thread 98" [_thread_blocked, id=6428, stack(0x000000002aca0000,0x000000002ada0000)]
  0x000000001f89a800 JavaThread "jar transforms Thread 97" [_thread_blocked, id=6620, stack(0x000000002aba0000,0x000000002aca0000)]
  0x000000001f89f000 JavaThread "jar transforms Thread 96" [_thread_blocked, id=9328, stack(0x000000002aaa0000,0x000000002aba0000)]
  0x000000001f8a0800 JavaThread "jar transforms Thread 95" [_thread_blocked, id=4380, stack(0x000000002a9a0000,0x000000002aaa0000)]
  0x000000001f89c000 JavaThread "jar transforms Thread 94" [_thread_blocked, id=3120, stack(0x000000002a8a0000,0x000000002a9a0000)]
  0x000000001f896800 JavaThread "jar transforms Thread 93" [_thread_blocked, id=10160, stack(0x000000002a7a0000,0x000000002a8a0000)]
  0x000000001f89d800 JavaThread "jar transforms Thread 92" [_thread_blocked, id=2068, stack(0x000000002a6a0000,0x000000002a7a0000)]
  0x000000001f899000 JavaThread "jar transforms Thread 91" [_thread_blocked, id=816, stack(0x000000002a5a0000,0x000000002a6a0000)]
  0x000000001f89b000 JavaThread "jar transforms Thread 90" [_thread_blocked, id=6888, stack(0x000000002a4a0000,0x000000002a5a0000)]
  0x000000001f897800 JavaThread "jar transforms Thread 89" [_thread_blocked, id=1340, stack(0x000000002a3a0000,0x000000002a4a0000)]
  0x000000001f898000 JavaThread "jar transforms Thread 88" [_thread_blocked, id=7248, stack(0x000000002a2a0000,0x000000002a3a0000)]
  0x000000001f89c800 JavaThread "jar transforms Thread 87" [_thread_blocked, id=6208, stack(0x000000002a1a0000,0x000000002a2a0000)]
  0x000000001f817800 JavaThread "jar transforms Thread 86" [_thread_blocked, id=6900, stack(0x000000002a0a0000,0x000000002a1a0000)]
  0x000000001f814000 JavaThread "jar transforms Thread 85" [_thread_blocked, id=9552, stack(0x0000000029fa0000,0x000000002a0a0000)]
  0x000000001f813000 JavaThread "jar transforms Thread 84" [_thread_blocked, id=5868, stack(0x0000000029ea0000,0x0000000029fa0000)]
  0x000000001f817000 JavaThread "jar transforms Thread 83" [_thread_blocked, id=2824, stack(0x0000000029da0000,0x0000000029ea0000)]
  0x000000001f812800 JavaThread "jar transforms Thread 82" [_thread_blocked, id=9228, stack(0x0000000029ca0000,0x0000000029da0000)]
  0x000000001f815800 JavaThread "jar transforms Thread 81" [_thread_blocked, id=3660, stack(0x0000000029ba0000,0x0000000029ca0000)]
  0x000000001f814800 JavaThread "jar transforms Thread 80" [_thread_blocked, id=1296, stack(0x0000000029aa0000,0x0000000029ba0000)]
  0x000000001f816000 JavaThread "jar transforms Thread 79" [_thread_blocked, id=7424, stack(0x00000000299a0000,0x0000000029aa0000)]
  0x000000001f811800 JavaThread "jar transforms Thread 78" [_thread_blocked, id=6496, stack(0x00000000298a0000,0x00000000299a0000)]
  0x000000001f80a000 JavaThread "jar transforms Thread 77" [_thread_blocked, id=592, stack(0x00000000297a0000,0x00000000298a0000)]
  0x000000001f811000 JavaThread "jar transforms Thread 76" [_thread_blocked, id=6488, stack(0x00000000296a0000,0x00000000297a0000)]
  0x000000001f809800 JavaThread "jar transforms Thread 75" [_thread_blocked, id=3928, stack(0x00000000295a0000,0x00000000296a0000)]
  0x000000001f810000 JavaThread "jar transforms Thread 74" [_thread_blocked, id=6324, stack(0x00000000294a0000,0x00000000295a0000)]
  0x000000001f808800 JavaThread "jar transforms Thread 73" [_thread_blocked, id=3736, stack(0x00000000293a0000,0x00000000294a0000)]
  0x000000001f80f800 JavaThread "jar transforms Thread 72" [_thread_blocked, id=9952, stack(0x00000000292a0000,0x00000000293a0000)]
  0x000000001f80b000 JavaThread "jar transforms Thread 71" [_thread_blocked, id=5904, stack(0x00000000291a0000,0x00000000292a0000)]
  0x000000001f80e000 JavaThread "jar transforms Thread 70" [_thread_blocked, id=9496, stack(0x00000000290a0000,0x00000000291a0000)]
  0x000000001f80d000 JavaThread "jar transforms Thread 69" [_thread_blocked, id=8552, stack(0x0000000028fa0000,0x00000000290a0000)]
  0x000000001f80e800 JavaThread "jar transforms Thread 68" [_thread_blocked, id=1112, stack(0x0000000028ea0000,0x0000000028fa0000)]
  0x000000001f80c800 JavaThread "jar transforms Thread 67" [_thread_blocked, id=4668, stack(0x0000000028da0000,0x0000000028ea0000)]
  0x000000001f80b800 JavaThread "jar transforms Thread 66" [_thread_blocked, id=968, stack(0x0000000028ca0000,0x0000000028da0000)]
  0x0000000021f5d800 JavaThread "jar transforms Thread 65" [_thread_blocked, id=9620, stack(0x0000000028ba0000,0x0000000028ca0000)]
  0x0000000021f5b800 JavaThread "jar transforms Thread 64" [_thread_blocked, id=4720, stack(0x0000000028aa0000,0x0000000028ba0000)]
  0x0000000021f5c000 JavaThread "jar transforms Thread 63" [_thread_blocked, id=6692, stack(0x00000000289a0000,0x0000000028aa0000)]
  0x0000000021f5d000 JavaThread "jar transforms Thread 62" [_thread_blocked, id=6864, stack(0x00000000288a0000,0x00000000289a0000)]
  0x0000000021f5a800 JavaThread "jar transforms Thread 61" [_thread_blocked, id=8196, stack(0x00000000287a0000,0x00000000288a0000)]
  0x0000000021f53000 JavaThread "jar transforms Thread 60" [_thread_blocked, id=6848, stack(0x00000000286a0000,0x00000000287a0000)]
  0x0000000021f59000 JavaThread "jar transforms Thread 59" [_thread_blocked, id=4916, stack(0x00000000285a0000,0x00000000286a0000)]
  0x0000000021f58800 JavaThread "jar transforms Thread 58" [_thread_blocked, id=8976, stack(0x00000000284a0000,0x00000000285a0000)]
  0x0000000021f5a000 JavaThread "jar transforms Thread 57" [_thread_blocked, id=2436, stack(0x00000000283a0000,0x00000000284a0000)]
  0x0000000021f57800 JavaThread "jar transforms Thread 56" [_thread_blocked, id=1780, stack(0x00000000282a0000,0x00000000283a0000)]
  0x0000000021f57000 JavaThread "jar transforms Thread 55" [_thread_blocked, id=2480, stack(0x00000000281a0000,0x00000000282a0000)]
  0x0000000021f50000 JavaThread "jar transforms Thread 54" [_thread_blocked, id=6712, stack(0x00000000280a0000,0x00000000281a0000)]
  0x0000000021f52800 JavaThread "jar transforms Thread 53" [_thread_blocked, id=2296, stack(0x0000000027fa0000,0x00000000280a0000)]
  0x0000000021f55800 JavaThread "jar transforms Thread 52" [_thread_blocked, id=8740, stack(0x0000000027ea0000,0x0000000027fa0000)]
  0x0000000021f4f800 JavaThread "jar transforms Thread 51" [_thread_blocked, id=10208, stack(0x0000000027da0000,0x0000000027ea0000)]
  0x0000000021f54000 JavaThread "jar transforms Thread 50" [_thread_blocked, id=1164, stack(0x0000000027ca0000,0x0000000027da0000)]
  0x0000000021f56000 JavaThread "jar transforms Thread 49" [_thread_blocked, id=7500, stack(0x0000000027ba0000,0x0000000027ca0000)]
  0x0000000021f4e800 JavaThread "jar transforms Thread 48" [_thread_blocked, id=8680, stack(0x0000000027aa0000,0x0000000027ba0000)]
  0x0000000021f54800 JavaThread "jar transforms Thread 47" [_thread_blocked, id=1352, stack(0x00000000279a0000,0x0000000027aa0000)]
  0x0000000021f51000 JavaThread "jar transforms Thread 46" [_thread_blocked, id=2892, stack(0x00000000278a0000,0x00000000279a0000)]
  0x0000000021f51800 JavaThread "jar transforms Thread 45" [_thread_blocked, id=6936, stack(0x00000000277a0000,0x00000000278a0000)]
  0x000000001f705000 JavaThread "jar transforms Thread 44" [_thread_blocked, id=6464, stack(0x00000000276a0000,0x00000000277a0000)]
  0x000000001f704000 JavaThread "jar transforms Thread 43" [_thread_blocked, id=10024, stack(0x00000000275a0000,0x00000000276a0000)]
  0x000000001f702800 JavaThread "jar transforms Thread 42" [_thread_blocked, id=1476, stack(0x00000000274a0000,0x00000000275a0000)]
  0x000000001f708800 JavaThread "jar transforms Thread 41" [_thread_blocked, id=3308, stack(0x00000000273a0000,0x00000000274a0000)]
  0x000000001f706800 JavaThread "jar transforms Thread 40" [_thread_blocked, id=2292, stack(0x00000000272a0000,0x00000000273a0000)]
  0x000000001f707000 JavaThread "jar transforms Thread 39" [_thread_blocked, id=7776, stack(0x00000000271a0000,0x00000000272a0000)]
  0x000000001f702000 JavaThread "jar transforms Thread 38" [_thread_blocked, id=9156, stack(0x00000000270a0000,0x00000000271a0000)]
  0x000000001f708000 JavaThread "jar transforms Thread 37" [_thread_blocked, id=5252, stack(0x0000000026fa0000,0x00000000270a0000)]
  0x000000001f703800 JavaThread "jar transforms Thread 36" [_thread_blocked, id=4688, stack(0x0000000026ea0000,0x0000000026fa0000)]
  0x000000001f705800 JavaThread "jar transforms Thread 35" [_thread_blocked, id=9944, stack(0x0000000026da0000,0x0000000026ea0000)]
  0x000000001f6fa800 JavaThread "jar transforms Thread 34" [_thread_blocked, id=5872, stack(0x0000000026ca0000,0x0000000026da0000)]
  0x000000001f701000 JavaThread "jar transforms Thread 33" [_thread_blocked, id=8260, stack(0x0000000026ba0000,0x0000000026ca0000)]
  0x000000001f6fb000 JavaThread "jar transforms Thread 32" [_thread_blocked, id=4888, stack(0x0000000026aa0000,0x0000000026ba0000)]
  0x000000001f6f9800 JavaThread "jar transforms Thread 31" [_thread_blocked, id=8016, stack(0x00000000269a0000,0x0000000026aa0000)]
  0x000000001f6fd800 JavaThread "jar transforms Thread 30" [_thread_blocked, id=2300, stack(0x00000000268a0000,0x00000000269a0000)]
  0x000000001f6ff000 JavaThread "jar transforms Thread 29" [_thread_blocked, id=5236, stack(0x00000000267a0000,0x00000000268a0000)]
  0x000000001f6fc000 JavaThread "jar transforms Thread 28" [_thread_blocked, id=6316, stack(0x00000000266a0000,0x00000000267a0000)]
  0x000000001f6fe000 JavaThread "jar transforms Thread 27" [_thread_blocked, id=4176, stack(0x00000000265a0000,0x00000000266a0000)]
  0x000000001f6fc800 JavaThread "jar transforms Thread 26" [_thread_blocked, id=6364, stack(0x00000000264a0000,0x00000000265a0000)]
  0x000000001f6ff800 JavaThread "jar transforms Thread 25" [_thread_blocked, id=4968, stack(0x00000000263a0000,0x00000000264a0000)]
  0x000000001f700800 JavaThread "jar transforms Thread 24" [_thread_blocked, id=9672, stack(0x00000000262a0000,0x00000000263a0000)]
  0x000000001a9ab000 JavaThread "jar transforms Thread 23" [_thread_blocked, id=9772, stack(0x00000000261a0000,0x00000000262a0000)]
  0x000000001a9aa800 JavaThread "jar transforms Thread 22" [_thread_blocked, id=1612, stack(0x00000000260a0000,0x00000000261a0000)]
  0x000000001a9a9000 JavaThread "jar transforms Thread 21" [_thread_blocked, id=3348, stack(0x0000000025fa0000,0x00000000260a0000)]
  0x000000001a9a8000 JavaThread "jar transforms Thread 20" [_thread_blocked, id=4064, stack(0x0000000025ea0000,0x0000000025fa0000)]
  0x000000001a9ac000 JavaThread "jar transforms Thread 19" [_thread_blocked, id=8428, stack(0x0000000025da0000,0x0000000025ea0000)]
  0x000000001a9ad800 JavaThread "jar transforms Thread 18" [_thread_blocked, id=6948, stack(0x0000000025ca0000,0x0000000025da0000)]
  0x000000001a9a9800 JavaThread "jar transforms Thread 17" [_thread_blocked, id=9816, stack(0x0000000025ba0000,0x0000000025ca0000)]
  0x000000001a9ae000 JavaThread "jar transforms Thread 16" [_thread_blocked, id=6720, stack(0x0000000025aa0000,0x0000000025ba0000)]
  0x000000001a9ac800 JavaThread "jar transforms Thread 15" [_thread_blocked, id=8508, stack(0x00000000259a0000,0x0000000025aa0000)]
  0x000000001a9af000 JavaThread "jar transforms Thread 14" [_thread_blocked, id=8088, stack(0x00000000258a0000,0x00000000259a0000)]
  0x000000001a9a0800 JavaThread "jar transforms Thread 13" [_thread_blocked, id=5416, stack(0x00000000257a0000,0x00000000258a0000)]
  0x000000001a9a7800 JavaThread "jar transforms Thread 12" [_thread_blocked, id=9052, stack(0x00000000256a0000,0x00000000257a0000)]
  0x000000001a9a0000 JavaThread "jar transforms Thread 11" [_thread_blocked, id=9284, stack(0x00000000255a0000,0x00000000256a0000)]
  0x000000001a9a4800 JavaThread "jar transforms Thread 10" [_thread_blocked, id=6516, stack(0x00000000254a0000,0x00000000255a0000)]
  0x000000001a9a6800 JavaThread "jar transforms Thread 9" [_thread_blocked, id=9828, stack(0x00000000253a0000,0x00000000254a0000)]
  0x000000001a9a2000 JavaThread "jar transforms Thread 8" [_thread_blocked, id=8748, stack(0x00000000252a0000,0x00000000253a0000)]
  0x000000001a9a6000 JavaThread "jar transforms Thread 7" [_thread_blocked, id=6592, stack(0x00000000251a0000,0x00000000252a0000)]
  0x000000001a9a3800 JavaThread "jar transforms Thread 6" [_thread_blocked, id=9640, stack(0x00000000250a0000,0x00000000251a0000)]
  0x000000001a9a5000 JavaThread "jar transforms Thread 5" [_thread_blocked, id=2252, stack(0x0000000024fa0000,0x00000000250a0000)]
  0x000000001a9a1800 JavaThread "jar transforms Thread 4" [_thread_blocked, id=2312, stack(0x0000000024ea0000,0x0000000024fa0000)]
  0x000000001a9a3000 JavaThread "jar transforms Thread 3" [_thread_blocked, id=3852, stack(0x0000000024da0000,0x0000000024ea0000)]
  0x00000000213bd000 JavaThread "jar transforms Thread 2" [_thread_blocked, id=4924, stack(0x0000000024ca0000,0x0000000024da0000)]
  0x00000000213bd800 JavaThread "Build operations Thread 8" [_thread_blocked, id=396, stack(0x0000000024aa0000,0x0000000024ba0000)]
  0x00000000213bc000 JavaThread "Build operations Thread 7" [_thread_blocked, id=1876, stack(0x00000000249a0000,0x0000000024aa0000)]
  0x00000000213bb800 JavaThread "Build operations Thread 6" [_thread_blocked, id=1532, stack(0x00000000248a0000,0x00000000249a0000)]
  0x00000000213ba800 JavaThread "Build operations Thread 5" [_thread_blocked, id=7904, stack(0x00000000247a0000,0x00000000248a0000)]
  0x00000000213bf000 JavaThread "Build operations Thread 4" [_thread_blocked, id=2584, stack(0x00000000246a0000,0x00000000247a0000)]
  0x00000000213be800 JavaThread "Build operations Thread 3" [_thread_blocked, id=2676, stack(0x0000000024320000,0x0000000024420000)]
  0x00000000213b3000 JavaThread "Build operations Thread 2" [_thread_in_native, id=3644, stack(0x0000000024220000,0x0000000024320000)]
  0x00000000213ba000 JavaThread "Build operations" [_thread_blocked, id=9940, stack(0x0000000024120000,0x0000000024220000)]
  0x00000000213b7000 JavaThread "Cache worker for file content cache (C:\Users\Eduardo\.gradle\caches\6.5\fileContent)" [_thread_blocked, id=7196, stack(0x0000000022c50000,0x0000000022d50000)]
  0x00000000213b6000 JavaThread "jar transforms" [_thread_blocked, id=3352, stack(0x0000000022b50000,0x0000000022c50000)]
  0x00000000213b5000 JavaThread "Cache worker for execution history cache (C:\Users\Eduardo\.gradle\caches\6.5\executionHistory)" [_thread_blocked, id=552, stack(0x0000000022450000,0x0000000022550000)]
  0x00000000213b0000 JavaThread "Cache worker for cache directory md-rule (C:\Users\Eduardo\.gradle\caches\6.5\md-rule)" [_thread_blocked, id=1128, stack(0x0000000022350000,0x0000000022450000)]
  0x00000000213b3800 JavaThread "Cache worker for cache directory md-supplier (C:\Users\Eduardo\.gradle\caches\6.5\md-supplier)" [_thread_blocked, id=4580, stack(0x0000000022250000,0x0000000022350000)]
  0x00000000213b4800 JavaThread "Cache worker for checksums cache (C:\Users\Eduardo\AndroidStudioProjects\CalculadoraDeNotas\.gradle\checksums)" [_thread_blocked, id=3320, stack(0x0000000020e90000,0x0000000020f90000)]
  0x0000000019921800 JavaThread "Cache worker for file hash cache (C:\Users\Eduardo\AndroidStudioProjects\CalculadoraDeNotas\.gradle\6.5\fileHashes)" [_thread_blocked, id=1272, stack(0x000000001fb00000,0x000000001fc00000)]
  0x000000001991d800 JavaThread "Cache worker for file hash cache (C:\Users\Eduardo\.gradle\caches\6.5\fileHashes)" [_thread_blocked, id=7400, stack(0x000000001e830000,0x000000001e930000)]
  0x000000001991f000 JavaThread "File lock request listener" [_thread_in_native, id=6116, stack(0x000000001e730000,0x000000001e830000)]
  0x0000000019923000 JavaThread "Cache worker for journal cache (C:\Users\Eduardo\.gradle\caches\journal-1)" [_thread_blocked, id=6148, stack(0x000000001e630000,0x000000001e730000)]
  0x000000001991d000 JavaThread "Thread-9" [_thread_blocked, id=6528, stack(0x000000001e330000,0x000000001e430000)]
  0x0000000019922000 JavaThread "Stdin handler" [_thread_blocked, id=4552, stack(0x000000001e230000,0x000000001e330000)]
  0x000000001991c000 JavaThread "Asynchronous log dispatcher for DefaultDaemonConnection: socket connection from /127.0.0.1:52825 to /127.0.0.1:52826" [_thread_blocked, id=8328, stack(0x000000001e130000,0x000000001e230000)]
  0x0000000019920800 JavaThread "Daemon worker" [_thread_blocked, id=8164, stack(0x000000001e030000,0x000000001e130000)]
  0x000000001ae70000 JavaThread "Cancel handler" [_thread_blocked, id=8764, stack(0x000000001df30000,0x000000001e030000)]
  0x000000001bfba000 JavaThread "Handler for socket connection from /127.0.0.1:52825 to /127.0.0.1:52826" [_thread_in_native, id=5864, stack(0x000000001de30000,0x000000001df30000)]
  0x000000001c11e000 JavaThread "Daemon" [_thread_blocked, id=9268, stack(0x000000001dd30000,0x000000001de30000)]
  0x000000001c166800 JavaThread "Daemon periodic checks" [_thread_blocked, id=9108, stack(0x000000001da30000,0x000000001db30000)]
  0x000000001c0e5000 JavaThread "Incoming local TCP Connector on port 52825" [_thread_in_native, id=9980, stack(0x000000001d7d0000,0x000000001d8d0000)]
  0x0000000019a2a000 JavaThread "Daemon health stats" [_thread_blocked, id=9632, stack(0x000000001d190000,0x000000001d290000)]
  0x000000001996a800 JavaThread "Service Thread" daemon [_thread_blocked, id=7188, stack(0x000000001a5f0000,0x000000001a6f0000)]
  0x000000001991e800 JavaThread "C1 CompilerThread3" daemon [_thread_blocked, id=1656, stack(0x000000001a4f0000,0x000000001a5f0000)]
=>0x0000000019920000 JavaThread "C2 CompilerThread2" daemon [_thread_in_native, id=9760, stack(0x000000001a3f0000,0x000000001a4f0000)]
  0x0000000019918000 JavaThread "C2 CompilerThread1" daemon [_thread_blocked, id=812, stack(0x000000001a2f0000,0x000000001a3f0000)]
  0x0000000019913000 JavaThread "C2 CompilerThread0" daemon [_thread_blocked, id=6776, stack(0x000000001a1f0000,0x000000001a2f0000)]
  0x0000000019911000 JavaThread "Attach Listener" daemon [_thread_blocked, id=6292, stack(0x000000001a0f0000,0x000000001a1f0000)]
  0x000000001990e000 JavaThread "Signal Dispatcher" daemon [_thread_blocked, id=7504, stack(0x0000000019ff0000,0x000000001a0f0000)]
  0x0000000019901800 JavaThread "Finalizer" daemon [_thread_blocked, id=10012, stack(0x0000000019de0000,0x0000000019ee0000)]
  0x0000000019900800 JavaThread "Reference Handler" daemon [_thread_blocked, id=8200, stack(0x0000000019ce0000,0x0000000019de0000)]
  0x000000000286e000 JavaThread "main" [_thread_blocked, id=2316, stack(0x0000000002870000,0x0000000002970000)]

Other Threads:
  0x0000000017b08800 VMThread [stack: 0x00000000197e0000,0x00000000198e0000] [id=9392]
  0x000000001996b000 WatcherThread [stack: 0x000000001a6f0000,0x000000001a7f0000] [id=7652]

VM state:not at safepoint (normal execution)

VM Mutex/Monitor currently owned by a thread: None

OutOfMemory and StackOverflow Exception counts:
OutOfMemoryError java_heap_errors=4

heap address: 0x0000000080000000, size: 2048 MB, Compressed Oops mode: 32-bit
Narrow klass base: 0x0000000000000000, Narrow klass shift: 3
Compressed class space size: 1073741824 Address: 0x0000000100000000

Heap:
 PSYoungGen      total 213504K, used 72873K [0x00000000d5580000, 0x00000000e4700000, 0x0000000100000000)
  eden space 185344K, 24% used [0x00000000d5580000,0x00000000d812b000,0x00000000e0a80000)
  from space 28160K, 99% used [0x00000000e0a80000,0x00000000e25ff5e8,0x00000000e2600000)
  to   space 19968K, 0% used [0x00000000e2600000,0x00000000e2600000,0x00000000e3980000)
 ParOldGen       total 112128K, used 58934K [0x0000000080000000, 0x0000000086d80000, 0x00000000d5580000)
  object space 112128K, 52% used [0x0000000080000000,0x000000008398da50,0x0000000086d80000)
 Metaspace       used 73162K, capacity 76862K, committed 76952K, reserved 1116160K
  class space    used 9930K, capacity 10606K, committed 10672K, reserved 1048576K

Card table byte_map: [0x0000000011e30000,0x0000000012240000] byte_map_base: 0x0000000011a30000

Marking Bits: (ParMarkBitMap*) 0x000000007135f030
 Begin Bits: [0x0000000012cf0000, 0x0000000014cf0000)
 End Bits:   [0x0000000014cf0000, 0x0000000016cf0000)

Polling page: 0x0000000000fd0000

CodeCache: size=245760Kb used=26165Kb max_used=26358Kb free=219594Kb
 bounds [0x0000000002a70000, 0x0000000004480000, 0x0000000011a70000]
 total_blobs=9059 nmethods=8141 adapters=831
 compilation: enabled

Compilation events (10 events):
Event: 38.374 Thread 0x000000001991e800 9713       3       com.android.tools.r8.graph.j0::computeEquals (24 bytes)
Event: 38.374 Thread 0x000000001991e800 nmethod 9713 0x00000000042e9250 code [0x00000000042e93e0, 0x00000000042e9928]
Event: 38.376 Thread 0x0000000019918000 nmethod 9714 0x0000000004156a90 code [0x0000000004156bc0, 0x0000000004156d58]
Event: 38.382 Thread 0x000000001991e800 9715       3       com.android.tools.r8.q.a.a.b.w::a (34 bytes)
Event: 38.383 Thread 0x000000001991e800 nmethod 9715 0x0000000004306bd0 code [0x0000000004306da0, 0x00000000043075b8]
Event: 38.440 Thread 0x0000000019920000 9716       4       com.google.common.collect.MapMakerInternalMap::putIfAbsent (29 bytes)
Event: 38.443 Thread 0x0000000019913000 9717       4       java.util.zip.ZipUtils::get32 (23 bytes)
Event: 38.444 Thread 0x0000000019918000 9718       4       java.util.zip.ZipUtils::unixTimeToFileTime (8 bytes)
Event: 38.445 Thread 0x0000000019918000 nmethod 9718 0x00000000035abc10 code [0x00000000035abd60, 0x00000000035abe18]
Event: 38.445 Thread 0x0000000019913000 nmethod 9717 0x00000000042e8f50 code [0x00000000042e9080, 0x00000000042e9158]

GC Heap History (10 events):
Event: 25.599 GC heap before
{Heap before GC invocations=16 (full 2):
 PSYoungGen      total 148992K, used 124737K [0x00000000d5580000, 0x00000000e1080000, 0x0000000100000000)
  eden space 136704K, 82% used [0x00000000d5580000,0x00000000dc355248,0x00000000ddb00000)
  from space 12288K, 99% used [0x00000000ddb00000,0x00000000de6fb388,0x00000000de700000)
  to   space 16384K, 0% used [0x00000000e0080000,0x00000000e0080000,0x00000000e1080000)
 ParOldGen       total 70656K, used 19917K [0x0000000080000000, 0x0000000084500000, 0x00000000d5580000)
  object space 70656K, 28% used [0x0000000080000000,0x00000000813736f8,0x0000000084500000)
 Metaspace       used 56668K, capacity 58988K, committed 59160K, reserved 1099776K
  class space    used 7675K, capacity 8131K, committed 8240K, reserved 1048576K
Event: 25.629 GC heap after
Heap after GC invocations=16 (full 2):
 PSYoungGen      total 173568K, used 13684K [0x00000000d5580000, 0x00000000e1f80000, 0x0000000100000000)
  eden space 157184K, 0% used [0x00000000d5580000,0x00000000d5580000,0x00000000def00000)
  from space 16384K, 83% used [0x00000000e0080000,0x00000000e0ddd250,0x00000000e1080000)
  to   space 17920K, 0% used [0x00000000def00000,0x00000000def00000,0x00000000e0080000)
 ParOldGen       total 70656K, used 27290K [0x0000000080000000, 0x0000000084500000, 0x00000000d5580000)
  object space 70656K, 38% used [0x0000000080000000,0x0000000081aa6ba0,0x0000000084500000)
 Metaspace       used 56668K, capacity 58988K, committed 59160K, reserved 1099776K
  class space    used 7675K, capacity 8131K, committed 8240K, reserved 1048576K
}
Event: 25.630 GC heap before
{Heap before GC invocations=17 (full 3):
 PSYoungGen      total 173568K, used 13684K [0x00000000d5580000, 0x00000000e1f80000, 0x0000000100000000)
  eden space 157184K, 0% used [0x00000000d5580000,0x00000000d5580000,0x00000000def00000)
  from space 16384K, 83% used [0x00000000e0080000,0x00000000e0ddd250,0x00000000e1080000)
  to   space 17920K, 0% used [0x00000000def00000,0x00000000def00000,0x00000000e0080000)
 ParOldGen       total 70656K, used 27290K [0x0000000080000000, 0x0000000084500000, 0x00000000d5580000)
  object space 70656K, 38% used [0x0000000080000000,0x0000000081aa6ba0,0x0000000084500000)
 Metaspace       used 56668K, capacity 58988K, committed 59160K, reserved 1099776K
  class space    used 7675K, capacity 8131K, committed 8240K, reserved 1048576K
Event: 25.930 GC heap after
Heap after GC invocations=17 (full 3):
 PSYoungGen      total 173568K, used 0K [0x00000000d5580000, 0x00000000e1f80000, 0x0000000100000000)
  eden space 157184K, 0% used [0x00000000d5580000,0x00000000d5580000,0x00000000def00000)
  from space 16384K, 0% used [0x00000000e0080000,0x00000000e0080000,0x00000000e1080000)
  to   space 17920K, 0% used [0x00000000def00000,0x00000000def00000,0x00000000e0080000)
 ParOldGen       total 112128K, used 35560K [0x0000000080000000, 0x0000000086d80000, 0x00000000d5580000)
  object space 112128K, 31% used [0x0000000080000000,0x00000000822ba288,0x0000000086d80000)
 Metaspace       used 56627K, capacity 58850K, committed 59160K, reserved 1099776K
  class space    used 7663K, capacity 8108K, committed 8240K, reserved 1048576K
}
Event: 30.519 GC heap before
{Heap before GC invocations=18 (full 3):
 PSYoungGen      total 173568K, used 157184K [0x00000000d5580000, 0x00000000e1f80000, 0x0000000100000000)
  eden space 157184K, 100% used [0x00000000d5580000,0x00000000def00000,0x00000000def00000)
  from space 16384K, 0% used [0x00000000e0080000,0x00000000e0080000,0x00000000e1080000)
  to   space 17920K, 0% used [0x00000000def00000,0x00000000def00000,0x00000000e0080000)
 ParOldGen       total 112128K, used 35560K [0x0000000080000000, 0x0000000086d80000, 0x00000000d5580000)
  object space 112128K, 31% used [0x0000000080000000,0x00000000822ba288,0x0000000086d80000)
 Metaspace       used 65685K, capacity 68946K, committed 69144K, reserved 1107968K
  class space    used 9085K, capacity 9674K, committed 9776K, reserved 1048576K
Event: 30.534 GC heap after
Heap after GC invocations=18 (full 3):
 PSYoungGen      total 175104K, used 15553K [0x00000000d5580000, 0x00000000e3980000, 0x0000000100000000)
  eden space 157184K, 0% used [0x00000000d5580000,0x00000000d5580000,0x00000000def00000)
  from space 17920K, 86% used [0x00000000def00000,0x00000000dfe307d8,0x00000000e0080000)
  to   space 19968K, 0% used [0x00000000e2600000,0x00000000e2600000,0x00000000e3980000)
 ParOldGen       total 112128K, used 35568K [0x0000000080000000, 0x0000000086d80000, 0x00000000d5580000)
  object space 112128K, 31% used [0x0000000080000000,0x00000000822bc288,0x0000000086d80000)
 Metaspace       used 65685K, capacity 68946K, committed 69144K, reserved 1107968K
  class space    used 9085K, capacity 9674K, committed 9776K, reserved 1048576K
}
Event: 34.386 GC heap before
{Heap before GC invocations=19 (full 3):
 PSYoungGen      total 175104K, used 172065K [0x00000000d5580000, 0x00000000e3980000, 0x0000000100000000)
  eden space 157184K, 99% used [0x00000000d5580000,0x00000000dee58018,0x00000000def00000)
  from space 17920K, 86% used [0x00000000def00000,0x00000000dfe307d8,0x00000000e0080000)
  to   space 19968K, 0% used [0x00000000e2600000,0x00000000e2600000,0x00000000e3980000)
 ParOldGen       total 112128K, used 35568K [0x0000000080000000, 0x0000000086d80000, 0x00000000d5580000)
  object space 112128K, 31% used [0x0000000080000000,0x00000000822bc288,0x0000000086d80000)
 Metaspace       used 68337K, capacity 71762K, committed 71960K, reserved 1112064K
  class space    used 9349K, capacity 9992K, committed 10032K, reserved 1048576K
Event: 34.418 GC heap after
Heap after GC invocations=19 (full 3):
 PSYoungGen      total 205312K, used 19960K [0x00000000d5580000, 0x00000000e4700000, 0x0000000100000000)
  eden space 185344K, 0% used [0x00000000d5580000,0x00000000d5580000,0x00000000e0a80000)
  from space 19968K, 99% used [0x00000000e2600000,0x00000000e397e220,0x00000000e3980000)
  to   space 28160K, 0% used [0x00000000e0a80000,0x00000000e0a80000,0x00000000e2600000)
 ParOldGen       total 112128K, used 48828K [0x0000000080000000, 0x0000000086d80000, 0x00000000d5580000)
  object space 112128K, 43% used [0x0000000080000000,0x0000000082faf2e0,0x0000000086d80000)
 Metaspace       used 68337K, capacity 71762K, committed 71960K, reserved 1112064K
  class space    used 9349K, capacity 9992K, committed 10032K, reserved 1048576K
}
Event: 38.217 GC heap before
{Heap before GC invocations=20 (full 3):
 PSYoungGen      total 205312K, used 205304K [0x00000000d5580000, 0x00000000e4700000, 0x0000000100000000)
  eden space 185344K, 100% used [0x00000000d5580000,0x00000000e0a80000,0x00000000e0a80000)
  from space 19968K, 99% used [0x00000000e2600000,0x00000000e397e220,0x00000000e3980000)
  to   space 28160K, 0% used [0x00000000e0a80000,0x00000000e0a80000,0x00000000e2600000)
 ParOldGen       total 112128K, used 48828K [0x0000000080000000, 0x0000000086d80000, 0x00000000d5580000)
  object space 112128K, 43% used [0x0000000080000000,0x0000000082faf2e0,0x0000000086d80000)
 Metaspace       used 72329K, capacity 75972K, committed 76056K, reserved 1114112K
  class space    used 9802K, capacity 10489K, committed 10544K, reserved 1048576K
Event: 38.247 GC heap after
Heap after GC invocations=20 (full 3):
 PSYoungGen      total 213504K, used 28157K [0x00000000d5580000, 0x00000000e4700000, 0x0000000100000000)
  eden space 185344K, 0% used [0x00000000d5580000,0x00000000d5580000,0x00000000e0a80000)
  from space 28160K, 99% used [0x00000000e0a80000,0x00000000e25ff5e8,0x00000000e2600000)
  to   space 19968K, 0% used [0x00000000e2600000,0x00000000e2600000,0x00000000e3980000)
 ParOldGen       total 112128K, used 58934K [0x0000000080000000, 0x0000000086d80000, 0x00000000d5580000)
  object space 112128K, 52% used [0x0000000080000000,0x000000008398da50,0x0000000086d80000)
 Metaspace       used 72329K, capacity 75972K, committed 76056K, reserved 1114112K
  class space    used 9802K, capacity 10489K, committed 10544K, reserved 1048576K
}

Deoptimization events (10 events):
Event: 37.685 Thread 0x00000000213bf000 Uncommon trap: reason=unstable_if action=reinterpret pc=0x00000000035e1178 method=org.gradle.internal.snapshot.VfsRelativePath.compareToFirstSegment(Ljava/lang/String;Lorg/gradle/internal/snapshot/CaseSensitivity;)I @ 134
Event: 37.685 Thread 0x00000000213bf000 Uncommon trap: reason=unstable_if action=reinterpret pc=0x0000000003d5a230 method=org.gradle.internal.snapshot.VfsRelativePath.lengthOfCommonPrefix(Ljava/lang/String;Lorg/gradle/internal/snapshot/CaseSensitivity;)I @ 107
Event: 37.967 Thread 0x00000000213b3000 Uncommon trap: reason=unstable_if action=reinterpret pc=0x00000000044359dc method=java.util.zip.ZipFile$ZipEntryIterator.hasNext()Z @ 25
Event: 37.968 Thread 0x00000000213b3000 Uncommon trap: reason=unstable_if action=reinterpret pc=0x0000000002e9d140 method=com.android.tools.r8.utils.w1.a(Ljava/lang/String;)Z @ 24
Event: 37.969 Thread 0x00000000213b3000 Uncommon trap: reason=unstable_if action=reinterpret pc=0x000000000417ac9c method=java.util.zip.ZipFile$ZipEntryIterator.hasNext()Z @ 25
Event: 38.017 Thread 0x00000000213b3000 Uncommon trap: reason=unstable_if action=reinterpret pc=0x000000000385f514 method=java.util.regex.Pattern.newSlice([IIZ)Ljava/util/regex/Pattern$Node; @ 10
Event: 38.252 Thread 0x0000000019901800 Uncommon trap: reason=unstable_if action=reinterpret pc=0x0000000002eeb560 method=java.util.WeakHashMap.expungeStaleEntries()V @ 66
Event: 38.443 Thread 0x00000000213bd800 Uncommon trap: reason=class_check action=maybe_recompile pc=0x00000000036ac1c0 method=java.lang.Throwable.<init>(Ljava/lang/String;Ljava/lang/Throwable;)V @ 24
Event: 38.445 Thread 0x00000000213ba800 Uncommon trap: reason=class_check action=maybe_recompile pc=0x00000000036ac1c0 method=java.lang.Throwable.<init>(Ljava/lang/String;Ljava/lang/Throwable;)V @ 24
Event: 38.448 Thread 0x00000000213bb800 Uncommon trap: reason=class_check action=maybe_recompile pc=0x00000000036ac1c0 method=java.lang.Throwable.<init>(Ljava/lang/String;Ljava/lang/Throwable;)V @ 24

Classes redefined (0 events):
No events

Internal exceptions (10 events):
Event: 36.664 Thread 0x000000001ece5000 Exception <a 'java/lang/NoSuchMethodError': <clinit>> (0x00000000d9d708a0) thrown at [C:\src\AOSP-openjdk-git\hotspot\src\share\vm\prims\jni.cpp, line 1615]
Event: 36.717 Thread 0x000000001ece5000 Implicit null exception at 0x000000000401d47f to 0x000000000401d5c9
Event: 37.385 Thread 0x00000000213b3000 Implicit null exception at 0x00000000043b4200 to 0x00000000043b4995
Event: 38.020 Thread 0x00000000213b3000 Exception <a 'java/lang/NoSuchMethodError': java.lang.Object.lambda$static$0(Ljava/lang/String;)Z> (0x00000000deff2038) thrown at [C:\src\AOSP-openjdk-git\hotspot\src\share\vm\interpreter\linkResolver.cpp, line 620]
Event: 38.191 Thread 0x00000000213b3000 Exception <a 'sun/nio/fs/WindowsException'> (0x00000000e044aa90) thrown at [C:\src\AOSP-openjdk-git\hotspot\src\share\vm\prims\jni.cpp, line 710]
Event: 38.348 Thread 0x00000000213be800 Exception <a 'sun/nio/fs/WindowsException'> (0x00000000d6b5df78) thrown at [C:\src\AOSP-openjdk-git\hotspot\src\share\vm\prims\jni.cpp, line 710]
Event: 38.443 Thread 0x00000000213bd800 Exception <a 'java/lang/OutOfMemoryError'> (0x00000000d7f91bc8) thrown at [C:\src\AOSP-openjdk-git\hotspot\src\share\vm\prims\jni.cpp, line 737]
Event: 38.443 Thread 0x00000000213bf000 Exception <a 'java/lang/OutOfMemoryError'> (0x00000000d7ef7880) thrown at [C:\src\AOSP-openjdk-git\hotspot\src\share\vm\prims\jni.cpp, line 737]
Event: 38.444 Thread 0x00000000213ba800 Exception <a 'java/lang/OutOfMemoryError'> (0x00000000d7fdd630) thrown at [C:\src\AOSP-openjdk-git\hotspot\src\share\vm\prims\jni.cpp, line 737]
Event: 38.448 Thread 0x00000000213bb800 Exception <a 'java/lang/OutOfMemoryError'> (0x00000000d8094b90) thrown at [C:\src\AOSP-openjdk-git\hotspot\src\share\vm\prims\jni.cpp, line 737]

Events (10 events):
Event: 38.444 loading class com/google/wireless/android/sdk/stats/GradleTransformExecution$1
Event: 38.444 loading class com/google/wireless/android/sdk/stats/GradleTransformExecution$1 done
Event: 38.444 loading class com/android/tools/r8/graph/H0
Event: 38.444 loading class com/android/tools/r8/graph/H0 done
Event: 38.444 Thread 0x00000000213ba800 Uncommon trap: trap_request=0xffffffde fr.pc=0x00000000036ac1c0
Event: 38.445 Thread 0x00000000213ba800 DEOPT PACKING pc=0x00000000036ac1c0 sp=0x000000002489be70
Event: 38.445 Thread 0x00000000213ba800 DEOPT UNPACKING pc=0x0000000002ab557b sp=0x000000002489be40 mode 2
Event: 38.448 Thread 0x00000000213bb800 Uncommon trap: trap_request=0xffffffde fr.pc=0x00000000036ac1c0
Event: 38.448 Thread 0x00000000213bb800 DEOPT PACKING pc=0x00000000036ac1c0 sp=0x000000002499be10
Event: 38.448 Thread 0x00000000213bb800 DEOPT UNPACKING pc=0x0000000002ab557b sp=0x000000002499bde0 mode 2


Dynamic libraries:
0x00007ff703e60000 - 0x00007ff703e91000 	C:\Program Files\Android\Android Studio\jre\bin\java.exe
0x00007fff97d70000 - 0x00007fff97f65000 	C:\WINDOWS\SYSTEM32\ntdll.dll
0x00007fff75a90000 - 0x00007fff75aa2000 	C:\Program Files\AVG\Antivirus\aswhook.dll
0x00007fff97300000 - 0x00007fff973bd000 	C:\WINDOWS\System32\KERNEL32.DLL
0x00007fff95530000 - 0x00007fff957f9000 	C:\WINDOWS\System32\KERNELBASE.dll
0x00007fff96020000 - 0x00007fff960cc000 	C:\WINDOWS\System32\ADVAPI32.dll
0x00007fff95e30000 - 0x00007fff95ece000 	C:\WINDOWS\System32\msvcrt.dll
0x00007fff97850000 - 0x00007fff978ec000 	C:\WINDOWS\System32\sechost.dll
0x00007fff96600000 - 0x00007fff9672b000 	C:\WINDOWS\System32\RPCRT4.dll
0x00007fff973c0000 - 0x00007fff97560000 	C:\WINDOWS\System32\USER32.dll
0x00007fff95da0000 - 0x00007fff95dc2000 	C:\WINDOWS\System32\win32u.dll
0x00007fff96520000 - 0x00007fff9654a000 	C:\WINDOWS\System32\GDI32.dll
0x00007fff95900000 - 0x00007fff95a0b000 	C:\WINDOWS\System32\gdi32full.dll
0x00007fff95a10000 - 0x00007fff95aad000 	C:\WINDOWS\System32\msvcp_win.dll
0x00007fff95800000 - 0x00007fff95900000 	C:\WINDOWS\System32\ucrtbase.dll
0x00007fff83c60000 - 0x00007fff83efa000 	C:\WINDOWS\WinSxS\amd64_microsoft.windows.common-controls_6595b64144ccf1df_6.0.19041.844_none_ca00b6081b84eb1d\COMCTL32.dll
0x00007fff97a10000 - 0x00007fff97a40000 	C:\WINDOWS\System32\IMM32.DLL
0x00000000709d0000 - 0x0000000070aa2000 	C:\Program Files\Android\Android Studio\jre\jre\bin\msvcr100.dll
0x0000000070b90000 - 0x00000000713db000 	C:\Program Files\Android\Android Studio\jre\jre\bin\server\jvm.dll
0x00007fff96e80000 - 0x00007fff96e88000 	C:\WINDOWS\System32\PSAPI.DLL
0x00007fff89a60000 - 0x00007fff89a69000 	C:\WINDOWS\SYSTEM32\WSOCK32.dll
0x00007fff844f0000 - 0x00007fff84517000 	C:\WINDOWS\SYSTEM32\WINMM.dll
0x00007fff8fca0000 - 0x00007fff8fcaa000 	C:\WINDOWS\SYSTEM32\VERSION.dll
0x00007fff96150000 - 0x00007fff961bb000 	C:\WINDOWS\System32\WS2_32.dll
0x00007fff8ed00000 - 0x00007fff8ed0f000 	C:\Program Files\Android\Android Studio\jre\jre\bin\verify.dll
0x00007fff8d850000 - 0x00007fff8d879000 	C:\Program Files\Android\Android Studio\jre\jre\bin\java.dll
0x00007fff8ece0000 - 0x00007fff8ecf6000 	C:\Program Files\Android\Android Studio\jre\jre\bin\zip.dll
0x00007fff96730000 - 0x00007fff96e72000 	C:\WINDOWS\System32\SHELL32.dll
0x00007fff93630000 - 0x00007fff93dc0000 	C:\WINDOWS\SYSTEM32\windows.storage.dll
0x00007fff961c0000 - 0x00007fff96515000 	C:\WINDOWS\System32\combase.dll
0x00007fff94eb0000 - 0x00007fff94edc000 	C:\WINDOWS\SYSTEM32\Wldp.dll
0x00007fff96550000 - 0x00007fff965fe000 	C:\WINDOWS\System32\SHCORE.dll
0x00007fff95fc0000 - 0x00007fff96015000 	C:\WINDOWS\System32\shlwapi.dll
0x00007fff953f0000 - 0x00007fff9540f000 	C:\WINDOWS\SYSTEM32\profapi.dll
0x00007fff8d7d0000 - 0x00007fff8d7ea000 	C:\Program Files\Android\Android Studio\jre\jre\bin\net.dll
0x00007fff94c30000 - 0x00007fff94c9a000 	C:\WINDOWS\system32\mswsock.dll
0x00007fff8d600000 - 0x00007fff8d613000 	C:\Program Files\Android\Android Studio\jre\jre\bin\nio.dll
0x00007fff86080000 - 0x00007fff860a7000 	C:\Users\Eduardo\.gradle\native\f6784746aeab05261644944871eae4fe03e0ef1612fff0a4a95f87b438bc6780\windows-amd64\native-platform.dll
0x00007fff8d5f0000 - 0x00007fff8d5fd000 	C:\Program Files\Android\Android Studio\jre\jre\bin\management.dll
0x00007fff94e00000 - 0x00007fff94e18000 	C:\WINDOWS\SYSTEM32\CRYPTSP.dll
0x00007fff94570000 - 0x00007fff945a4000 	C:\WINDOWS\system32\rsaenh.dll
0x00007fff95500000 - 0x00007fff95527000 	C:\WINDOWS\System32\bcrypt.dll
0x00007fff953b0000 - 0x00007fff953de000 	C:\WINDOWS\SYSTEM32\USERENV.dll
0x00007fff95ab0000 - 0x00007fff95b30000 	C:\WINDOWS\System32\bcryptprimitives.dll
0x00007fff94e20000 - 0x00007fff94e2c000 	C:\WINDOWS\SYSTEM32\CRYPTBASE.dll
0x00007fff94920000 - 0x00007fff9495b000 	C:\WINDOWS\SYSTEM32\IPHLPAPI.DLL
0x00007fff97d20000 - 0x00007fff97d28000 	C:\WINDOWS\System32\NSI.dll
0x00007fff90b60000 - 0x00007fff90b77000 	C:\WINDOWS\SYSTEM32\dhcpcsvc6.DLL
0x00007fff90c50000 - 0x00007fff90c6d000 	C:\WINDOWS\SYSTEM32\dhcpcsvc.DLL
0x00007fff94960000 - 0x00007fff94a2b000 	C:\WINDOWS\SYSTEM32\DNSAPI.dll
0x00007fff90ce0000 - 0x00007fff90ceb000 	C:\WINDOWS\SYSTEM32\WINNSI.DLL
0x00007fff8d450000 - 0x00007fff8d5ec000 	C:\Program Files\Android\Android Studio\jre\jre\bin\awt.dll
0x00007fff97a40000 - 0x00007fff97b0d000 	C:\WINDOWS\System32\OLEAUT32.dll
0x00007fff93050000 - 0x00007fff9307f000 	C:\WINDOWS\SYSTEM32\dwmapi.dll
0x00007fff916f0000 - 0x00007fff91cb0000 	C:\WINDOWS\SYSTEM32\d2d1.dll
0x00007fff92da0000 - 0x00007fff92e30000 	C:\WINDOWS\SYSTEM32\apphelp.dll
0x00007fff92f70000 - 0x00007fff9300e000 	C:\WINDOWS\system32\uxtheme.dll

VM Arguments:
jvm_args: -Xmx2048m -Dfile.encoding=UTF-8 -Duser.country=BR -Duser.language=pt -Duser.variant 
java_command: org.gradle.launcher.daemon.bootstrap.GradleDaemon 6.5
java_class_path (initial): C:\Users\Eduardo\.gradle\wrapper\dists\gradle-6.5-bin\6nifqtx7604sqp1q6g8wikw7p\gradle-6.5\lib\gradle-launcher-6.5.jar
Launcher Type: SUN_STANDARD

Environment Variables:
PATH=C:\Program Files (x86)\Common Files\Oracle\Java\javapath;C:\Program Files (x86)\NVIDIA Corporation\PhysX\Common;C:\WINDOWS\system32;C:\WINDOWS;C:\WINDOWS\System32\Wbem;C:\WINDOWS\System32\WindowsPowerShell\v1.0\;C:\WINDOWS\System32\OpenSSH\;C:\Program Files\dotnet\;C:\Program Files\Git\cmd;C:\Users\Eduardo\AppData\Local\Microsoft\WindowsApps;C:\Program Files\Java\jdk1.8.0_281\bin;C:\Users\Eduardo\.dotnet\tools;C:\Program Files\JetBrains\IntelliJ IDEA Community Edition 2020.3.2\bin;
USERNAME=Eduardo
OS=Windows_NT
PROCESSOR_IDENTIFIER=Intel64 Family 6 Model 30 Stepping 5, GenuineIntel



---------------  S Y S T E M  ---------------

OS: Windows 10.0 , 64 bit Build 19041 (10.0.19041.804)

CPU:total 8 (initial active 8) (4 cores per cpu, 2 threads per core) family 6 model 30 stepping 5, cmov, cx8, fxsr, mmx, sse, sse2, sse3, ssse3, sse4.1, sse4.2, popcnt, ht, tsc, tscinvbit

Memory: 4k page, physical 8320380k(918640k free), swap 8320380k(10056k free)

vm_info: OpenJDK 64-Bit Server VM (25.242-b01) for windows-amd64 JRE (1.8.0_242-release-1644-b01), built by "builder" with MS VC++ 10.0 (VS2010)

time: Thu Feb 25 17:27:04 2021
timezone: Hora oficial do Brasil
elapsed time: 38 seconds (0d 0h 0m 38s)

