#
# There is insufficient memory for the Java Runtime Environment to continue.
# Native memory allocation (malloc) failed to allocate 32744 bytes for ChunkPool::allocate
# Possible reasons:
#   The system is out of physical RAM or swap space
#   The process is running with CompressedOops enabled, and the Java Heap may be blocking the growth of the native heap
# Possible solutions:
#   Reduce memory load on the system
#   Increase physical memory or swap space
#   Check if swap backing store is full
#   Decrease Java heap size (-Xmx/-Xms)
#   Decrease number of Java threads
#   Decrease Java thread stack sizes (-Xss)
#   Set larger code cache with -XX:ReservedCodeCacheSize=
#   JVM is running with Unscaled Compressed Oops mode in which the Java heap is
#     placed in the first 4GB address space. The Java Heap base address is the
#     maximum limit for the native heap growth. Please use -XX:HeapBaseMinAddress
#     to set the Java Heap base and to place the Java Heap above 4GB virtual address.
# This output file may be truncated or incomplete.
#
#  Out of Memory Error (allocation.cpp:272), pid=9440, tid=0x0000000000000d2c
#
# JRE version: OpenJDK Runtime Environment (8.0_242-b01) (build 1.8.0_242-release-1644-b01)
# Java VM: OpenJDK 64-Bit Server VM (25.242-b01 mixed mode windows-amd64 compressed oops)
# Failed to write core dump. Minidumps are not enabled by default on client versions of Windows
#

---------------  T H R E A D  ---------------

Current thread (0x0000000018bd0800):  JavaThread "C2 CompilerThread0" daemon [_thread_in_native, id=3372, stack(0x00000000194b0000,0x00000000195b0000)]

Stack: [0x00000000194b0000,0x00000000195b0000]
[error occurred during error reporting (printing stack bounds), id 0xc0000005]

Native frames: (J=compiled Java code, j=interpreted, Vv=VM code, C=native code)


Current CompileTask:
C2: 109528 10809 %     4       com.android.tools.r8.C.a.a.f::a @ 2436 (4333 bytes)


---------------  P R O C E S S  ---------------

Java Threads: ( => current thread )
  0x000000001f0b8000 JavaThread "WorkerExecutor Queue Thread 8" [_thread_blocked, id=6364, stack(0x00000000243c0000,0x00000000244c0000)]
  0x000000001f0bf000 JavaThread "WorkerExecutor Queue Thread 7" [_thread_blocked, id=10092, stack(0x00000000242c0000,0x00000000243c0000)]
  0x000000001f0b7800 JavaThread "WorkerExecutor Queue Thread 6" [_thread_blocked, id=10232, stack(0x00000000241c0000,0x00000000242c0000)]
  0x000000001f0be000 JavaThread "WorkerExecutor Queue Thread 5" [_thread_blocked, id=3500, stack(0x00000000240c0000,0x00000000241c0000)]
  0x000000001f0bd800 JavaThread "WorkerExecutor Queue Thread 4" [_thread_blocked, id=7384, stack(0x0000000023fc0000,0x00000000240c0000)]
  0x000000001f0b6000 JavaThread "WorkerExecutor Queue Thread 3" [_thread_blocked, id=8108, stack(0x0000000023ec0000,0x0000000023fc0000)]
  0x000000001f0bc000 JavaThread "WorkerExecutor Queue Thread 2" [_thread_blocked, id=796, stack(0x0000000023dc0000,0x0000000023ec0000)]
  0x000000001f0ba800 JavaThread "WorkerExecutor Queue" [_thread_blocked, id=6596, stack(0x0000000023cc0000,0x0000000023dc0000)]
  0x000000001f0b4800 JavaThread "Cache worker for Java compile cache (C:\Users\Eduardo\AndroidStudioProjects\CalculadoraDeNotas\.gradle\6.7.1\javaCompile)" [_thread_blocked, id=10128, stack(0x00000000235c0000,0x00000000236c0000)]
  0x000000001f0b5000 JavaThread "Cache worker for Java compile cache (C:\Users\Eduardo\.gradle\caches\6.7.1\javaCompile)" [_thread_blocked, id=10068, stack(0x0000000001240000,0x0000000001340000)]
  0x000000001f0b6800 JavaThread "RMI TCP Connection(1)-127.0.0.1" daemon [_thread_in_native, id=5484, stack(0x00000000234c0000,0x00000000235c0000)]
  0x000000001f0bb000 JavaThread "RMI Reaper" [_thread_blocked, id=1384, stack(0x0000000021de0000,0x0000000021ee0000)]
  0x000000001f0b3800 JavaThread "RMI TCP Accept-0" daemon [_thread_in_native, id=8780, stack(0x000000001d510000,0x000000001d610000)]
  0x000000001f0b9000 JavaThread "GC Daemon" daemon [_thread_blocked, id=8076, stack(0x0000000001380000,0x0000000001480000)]
  0x000000001f0b9800 JavaThread "RMI Scheduler(0)" daemon [_thread_blocked, id=7088, stack(0x0000000001020000,0x0000000001120000)]
  0x000000001b5c5800 JavaThread "Cache worker for execution history cache (C:\Users\Eduardo\AndroidStudioProjects\CalculadoraDeNotas\.gradle\6.7.1\executionHistory)" [_thread_blocked, id=7468, stack(0x000000002de50000,0x000000002df50000)]
  0x000000001b5c3000 JavaThread "Execution worker for ':' Thread 7" [_thread_blocked, id=7212, stack(0x000000002dd50000,0x000000002de50000)]
  0x000000001b5c7000 JavaThread "Execution worker for ':' Thread 6" [_thread_blocked, id=2384, stack(0x000000002dc50000,0x000000002dd50000)]
  0x000000001b5c4000 JavaThread "Execution worker for ':' Thread 5" [_thread_blocked, id=8112, stack(0x000000002db50000,0x000000002dc50000)]
  0x000000001b5bb000 JavaThread "Execution worker for ':' Thread 4" [_thread_blocked, id=7404, stack(0x000000002da50000,0x000000002db50000)]
  0x000000001b5c1800 JavaThread "Execution worker for ':' Thread 3" [_thread_blocked, id=1156, stack(0x000000002d950000,0x000000002da50000)]
  0x000000001b5ba000 JavaThread "Execution worker for ':' Thread 2" [_thread_blocked, id=4496, stack(0x000000002d850000,0x000000002d950000)]
  0x000000001b5c1000 JavaThread "Execution worker for ':'" [_thread_blocked, id=9828, stack(0x000000002d750000,0x000000002d850000)]
  0x000000001b5bd000 JavaThread "build event listener" [_thread_blocked, id=872, stack(0x000000002d450000,0x000000002d550000)]
  0x000000001b5bc800 JavaThread "pool-3-thread-1" [_thread_blocked, id=9460, stack(0x000000002c8b0000,0x000000002c9b0000)]
  0x000000001b5bf800 JavaThread "build event listener" [_thread_blocked, id=1248, stack(0x000000002b7c0000,0x000000002b8c0000)]
  0x000000001b5b9800 JavaThread "Memory manager" [_thread_blocked, id=2544, stack(0x000000002b0c0000,0x000000002b1c0000)]
  0x0000000020a03800 JavaThread "Build operations Thread 8" [_thread_blocked, id=9136, stack(0x00000000231c0000,0x00000000232c0000)]
  0x0000000020a03000 JavaThread "Build operations Thread 7" [_thread_blocked, id=6620, stack(0x0000000022fc0000,0x00000000230c0000)]
  0x0000000020a04800 JavaThread "Build operations Thread 6" [_thread_blocked, id=8196, stack(0x0000000022ec0000,0x0000000022fc0000)]
  0x00000000209fb800 JavaThread "Build operations Thread 5" [_thread_in_native, id=9556, stack(0x0000000022dc0000,0x0000000022ec0000)]
  0x0000000020a02000 JavaThread "Build operations Thread 4" [_thread_blocked, id=9532, stack(0x0000000022cc0000,0x0000000022dc0000)]
  0x00000000209ff000 JavaThread "Build operations Thread 3" [_thread_blocked, id=9528, stack(0x0000000022bc0000,0x0000000022cc0000)]
  0x0000000020a01800 JavaThread "Build operations Thread 2" [_thread_blocked, id=9244, stack(0x0000000022ac0000,0x0000000022bc0000)]
  0x00000000209fa800 JavaThread "Build operations" [_thread_blocked, id=9452, stack(0x00000000224e0000,0x00000000225e0000)]
  0x00000000209f8800 JavaThread "Cache worker for Build Output Cleanup Cache (C:\Users\Eduardo\AndroidStudioProjects\CalculadoraDeNotas\.gradle\buildOutputCleanup)" [_thread_blocked, id=9364, stack(0x00000000223e0000,0x00000000224e0000)]
  0x000000001a894800 JavaThread "Cache worker for file content cache (C:\Users\Eduardo\.gradle\caches\6.7.1\fileContent)" [_thread_blocked, id=1728, stack(0x0000000021ee0000,0x0000000021fe0000)]
  0x000000001a899800 JavaThread "Cache worker for execution history cache (C:\Users\Eduardo\.gradle\caches\6.7.1\executionHistory)" [_thread_blocked, id=8664, stack(0x00000000214e0000,0x00000000215e0000)]
  0x000000001a899000 JavaThread "Cache worker for cache directory md-rule (C:\Users\Eduardo\.gradle\caches\6.7.1\md-rule)" [_thread_blocked, id=7584, stack(0x00000000213e0000,0x00000000214e0000)]
  0x000000001a893800 JavaThread "Cache worker for cache directory md-supplier (C:\Users\Eduardo\.gradle\caches\6.7.1\md-supplier)" [_thread_blocked, id=5036, stack(0x00000000212e0000,0x00000000213e0000)]
  0x000000001a898000 JavaThread "Cache worker for checksums cache (C:\Users\Eduardo\AndroidStudioProjects\CalculadoraDeNotas\.gradle\checksums)" [_thread_blocked, id=2408, stack(0x00000000211e0000,0x00000000212e0000)]
  0x000000001a896800 JavaThread "Cache worker for file hash cache (C:\Users\Eduardo\AndroidStudioProjects\CalculadoraDeNotas\.gradle\6.7.1\fileHashes)" [_thread_blocked, id=1992, stack(0x0000000020050000,0x0000000020150000)]
  0x000000001a897800 JavaThread "Cache worker for journal cache (C:\Users\Eduardo\.gradle\caches\journal-1)" [_thread_blocked, id=8128, stack(0x000000001db10000,0x000000001dc10000)]
  0x000000001a89a800 JavaThread "File lock request listener" [_thread_in_native, id=8176, stack(0x000000001da10000,0x000000001db10000)]
  0x000000001bc42000 JavaThread "Cache worker for file hash cache (C:\Users\Eduardo\.gradle\caches\6.7.1\fileHashes)" [_thread_blocked, id=4936, stack(0x000000001d910000,0x000000001da10000)]
  0x000000001bbe6800 JavaThread "Thread-9" [_thread_blocked, id=1848, stack(0x000000001d610000,0x000000001d710000)]
  0x0000000019d43000 JavaThread "Asynchronous log dispatcher for DefaultDaemonConnection: socket connection from /127.0.0.1:49983 to /127.0.0.1:49984" [_thread_blocked, id=8744, stack(0x000000001d410000,0x000000001d510000)]
  0x0000000019bec800 JavaThread "Daemon worker" [_thread_blocked, id=10224, stack(0x000000001d310000,0x000000001d410000)]
  0x0000000019bec000 JavaThread "Cancel handler" [_thread_blocked, id=10112, stack(0x000000001d210000,0x000000001d310000)]
  0x000000001bafc000 JavaThread "Handler for socket connection from /127.0.0.1:49983 to /127.0.0.1:49984" [_thread_in_native, id=7704, stack(0x000000001d110000,0x000000001d210000)]
  0x000000001baf5800 JavaThread "Daemon" [_thread_blocked, id=7240, stack(0x000000001d010000,0x000000001d110000)]
  0x000000001baeb000 JavaThread "Daemon periodic checks" [_thread_blocked, id=3428, stack(0x000000001cd10000,0x000000001ce10000)]
  0x000000001bae8800 JavaThread "Incoming local TCP Connector on port 49983" [_thread_in_native, id=7692, stack(0x000000001cab0000,0x000000001cbb0000)]
  0x000000001b9f6800 JavaThread "Daemon health stats" [_thread_blocked, id=2736, stack(0x000000001b280000,0x000000001b380000)]
  0x0000000018c75800 JavaThread "Service Thread" daemon [_thread_blocked, id=8492, stack(0x00000000198b0000,0x00000000199b0000)]
  0x0000000018be9800 JavaThread "C1 CompilerThread3" daemon [_thread_blocked, id=8524, stack(0x00000000197b0000,0x00000000198b0000)]
  0x0000000018be1000 JavaThread "C2 CompilerThread2" daemon [_thread_blocked, id=7208, stack(0x00000000196b0000,0x00000000197b0000)]
  0x0000000018bd3800 JavaThread "C2 CompilerThread1" daemon [_thread_blocked, id=3456, stack(0x00000000195b0000,0x00000000196b0000)]
=>0x0000000018bd0800 JavaThread "C2 CompilerThread0" daemon [_thread_in_native, id=3372, stack(0x00000000194b0000,0x00000000195b0000)]
  0x0000000018bd0000 JavaThread "Attach Listener" daemon [_thread_blocked, id=3048, stack(0x00000000193b0000,0x00000000194b0000)]
  0x0000000018bcf000 JavaThread "Signal Dispatcher" daemon [_thread_blocked, id=4752, stack(0x00000000192b0000,0x00000000193b0000)]
  0x0000000018bc1000 JavaThread "Finalizer" daemon [_thread_blocked, id=3028, stack(0x00000000190a0000,0x00000000191a0000)]
  0x0000000018bc0800 JavaThread "Reference Handler" daemon [_thread_blocked, id=2400, stack(0x0000000018fa0000,0x00000000190a0000)]
  0x0000000002dee000 JavaThread "main" [_thread_blocked, id=7364, stack(0x0000000002df0000,0x0000000002ef0000)]

Other Threads:
  0x0000000016dd8000 VMThread [stack: 0x0000000018aa0000,0x0000000018ba0000] [id=3032]
  0x0000000018c76800 WatcherThread [stack: 0x00000000199b0000,0x0000000019ab0000] [id=3664]

VM state:not at safepoint (normal execution)

VM Mutex/Monitor currently owned by a thread: None

heap address: 0x00000000a0000000, size: 1536 MB, Compressed Oops mode: 32-bit
Narrow klass base: 0x0000000000000000, Narrow klass shift: 3
Compressed class space size: 1073741824 Address: 0x0000000100000000

Heap:
 PSYoungGen      total 243200K, used 68013K [0x00000000e0000000, 0x00000000f4180000, 0x0000000100000000)
  eden space 222720K, 21% used [0x00000000e0000000,0x00000000e2e70250,0x00000000ed980000)
  from space 20480K, 99% used [0x00000000ed980000,0x00000000eed7b1b8,0x00000000eed80000)
  to   space 30208K, 0% used [0x00000000f2400000,0x00000000f2400000,0x00000000f4180000)
 ParOldGen       total 124416K, used 65417K [0x00000000a0000000, 0x00000000a7980000, 0x00000000e0000000)
  object space 124416K, 52% used [0x00000000a0000000,0x00000000a3fe2798,0x00000000a7980000)
 Metaspace       used 91777K, capacity 97614K, committed 97880K, reserved 1132544K
  class space    used 12771K, capacity 13923K, committed 13952K, reserved 1048576K

Card table byte_map: [0x00000000123e0000,0x00000000126f0000] byte_map_base: 0x0000000011ee0000

Marking Bits: (ParMarkBitMap*) 0x0000000056cdf030
 Begin Bits: [0x00000000130f0000, 0x00000000148f0000)
 End Bits:   [0x00000000148f0000, 0x00000000160f0000)

Polling page: 0x0000000001580000

CodeCache: size=245760Kb used=31019Kb max_used=31176Kb free=214741Kb
 bounds [0x0000000003020000, 0x0000000004ef0000, 0x0000000012020000]
 total_blobs=10949 nmethods=10076 adapters=787
 compilation: enabled

Compilation events (10 events):
Event: 109.318 Thread 0x0000000018be1000 nmethod 11760 0x0000000004478dd0 code [0x0000000004478f20, 0x00000000044790d8]
Event: 109.321 Thread 0x0000000018be9800 11788       3       org.gradle.internal.execution.steps.CaptureStateBeforeExecutionStep::lambda$fingerprintInputFiles$3 (49 bytes)
Event: 109.322 Thread 0x0000000018be1000 11789       4       com.google.common.collect.ImmutableSortedMap$1EntrySet::iterator (5 bytes)
Event: 109.323 Thread 0x0000000018be9800 nmethod 11788 0x00000000044a68d0 code [0x00000000044a6b20, 0x00000000044a7b98]
Event: 109.326 Thread 0x0000000018be1000 nmethod 11789 0x0000000003627a10 code [0x0000000003627b80, 0x0000000003627d98]
Event: 109.399 Thread 0x0000000018be1000 11790       4       com.google.common.util.concurrent.AbstractFuture$TrustedFuture::get (5 bytes)
Event: 109.414 Thread 0x0000000018be9800 11792  s!   3       sun.nio.ch.NativeThreadSet::signalAndWait (134 bytes)
Event: 109.416 Thread 0x0000000018be9800 nmethod 11792 0x0000000004aaad50 code [0x0000000004aaaf00, 0x0000000004aab6d8]
Event: 109.420 Thread 0x0000000018be1000 nmethod 11790 0x00000000044f2150 code [0x00000000044f2340, 0x00000000044f28c0]
Event: 109.420 Thread 0x0000000018be1000 11791   !   4       com.google.common.util.concurrent.Uninterruptibles::getUninterruptibly (40 bytes)

GC Heap History (10 events):
Event: 45.400 GC heap before
{Heap before GC invocations=14 (full 2):
 PSYoungGen      total 158208K, used 96822K [0x00000000e0000000, 0x00000000ed880000, 0x0000000100000000)
  eden space 146432K, 58% used [0x00000000e0000000,0x00000000e530e888,0x00000000e8f00000)
  from space 11776K, 99% used [0x00000000e8f00000,0x00000000e9a7f068,0x00000000e9a80000)
  to   space 16384K, 0% used [0x00000000ec880000,0x00000000ec880000,0x00000000ed880000)
 ParOldGen       total 82944K, used 26674K [0x00000000a0000000, 0x00000000a5100000, 0x00000000e0000000)
  object space 82944K, 32% used [0x00000000a0000000,0x00000000a1a0c978,0x00000000a5100000)
 Metaspace       used 56608K, capacity 58872K, committed 59096K, reserved 1099776K
  class space    used 7737K, capacity 8185K, committed 8192K, reserved 1048576K
Event: 45.418 GC heap after
Heap after GC invocations=14 (full 2):
 PSYoungGen      total 199168K, used 10836K [0x00000000e0000000, 0x00000000ed580000, 0x0000000100000000)
  eden space 185856K, 0% used [0x00000000e0000000,0x00000000e0000000,0x00000000eb580000)
  from space 13312K, 81% used [0x00000000ec880000,0x00000000ed315118,0x00000000ed580000)
  to   space 16384K, 0% used [0x00000000eb580000,0x00000000eb580000,0x00000000ec580000)
 ParOldGen       total 82944K, used 33901K [0x00000000a0000000, 0x00000000a5100000, 0x00000000e0000000)
  object space 82944K, 40% used [0x00000000a0000000,0x00000000a211b728,0x00000000a5100000)
 Metaspace       used 56608K, capacity 58872K, committed 59096K, reserved 1099776K
  class space    used 7737K, capacity 8185K, committed 8192K, reserved 1048576K
}
Event: 45.418 GC heap before
{Heap before GC invocations=15 (full 3):
 PSYoungGen      total 199168K, used 10836K [0x00000000e0000000, 0x00000000ed580000, 0x0000000100000000)
  eden space 185856K, 0% used [0x00000000e0000000,0x00000000e0000000,0x00000000eb580000)
  from space 13312K, 81% used [0x00000000ec880000,0x00000000ed315118,0x00000000ed580000)
  to   space 16384K, 0% used [0x00000000eb580000,0x00000000eb580000,0x00000000ec580000)
 ParOldGen       total 82944K, used 33901K [0x00000000a0000000, 0x00000000a5100000, 0x00000000e0000000)
  object space 82944K, 40% used [0x00000000a0000000,0x00000000a211b728,0x00000000a5100000)
 Metaspace       used 56608K, capacity 58872K, committed 59096K, reserved 1099776K
  class space    used 7737K, capacity 8185K, committed 8192K, reserved 1048576K
Event: 45.734 GC heap after
Heap after GC invocations=15 (full 3):
 PSYoungGen      total 199168K, used 0K [0x00000000e0000000, 0x00000000ed580000, 0x0000000100000000)
  eden space 185856K, 0% used [0x00000000e0000000,0x00000000e0000000,0x00000000eb580000)
  from space 13312K, 0% used [0x00000000ec880000,0x00000000ec880000,0x00000000ed580000)
  to   space 16384K, 0% used [0x00000000eb580000,0x00000000eb580000,0x00000000ec580000)
 ParOldGen       total 124416K, used 34321K [0x00000000a0000000, 0x00000000a7980000, 0x00000000e0000000)
  object space 124416K, 27% used [0x00000000a0000000,0x00000000a2184640,0x00000000a7980000)
 Metaspace       used 56566K, capacity 58728K, committed 59096K, reserved 1099776K
  class space    used 7724K, capacity 8161K, committed 8192K, reserved 1048576K
}
Event: 60.502 GC heap before
{Heap before GC invocations=16 (full 3):
 PSYoungGen      total 199168K, used 185856K [0x00000000e0000000, 0x00000000ed580000, 0x0000000100000000)
  eden space 185856K, 100% used [0x00000000e0000000,0x00000000eb580000,0x00000000eb580000)
  from space 13312K, 0% used [0x00000000ec880000,0x00000000ec880000,0x00000000ed580000)
  to   space 16384K, 0% used [0x00000000eb580000,0x00000000eb580000,0x00000000ec580000)
 ParOldGen       total 124416K, used 34321K [0x00000000a0000000, 0x00000000a7980000, 0x00000000e0000000)
  object space 124416K, 27% used [0x00000000a0000000,0x00000000a2184640,0x00000000a7980000)
 Metaspace       used 68296K, capacity 71526K, committed 71768K, reserved 1112064K
  class space    used 9394K, capacity 9996K, committed 10112K, reserved 1048576K
Event: 60.528 GC heap after
Heap after GC invocations=16 (full 3):
 PSYoungGen      total 202240K, used 16368K [0x00000000e0000000, 0x00000000f0580000, 0x0000000100000000)
  eden space 185856K, 0% used [0x00000000e0000000,0x00000000e0000000,0x00000000eb580000)
  from space 16384K, 99% used [0x00000000eb580000,0x00000000ec57c2b0,0x00000000ec580000)
  to   space 19456K, 0% used [0x00000000ef280000,0x00000000ef280000,0x00000000f0580000)
 ParOldGen       total 124416K, used 36114K [0x00000000a0000000, 0x00000000a7980000, 0x00000000e0000000)
  object space 124416K, 29% used [0x00000000a0000000,0x00000000a2344a08,0x00000000a7980000)
 Metaspace       used 68296K, capacity 71526K, committed 71768K, reserved 1112064K
  class space    used 9394K, capacity 9996K, committed 10112K, reserved 1048576K
}
Event: 97.214 GC heap before
{Heap before GC invocations=17 (full 3):
 PSYoungGen      total 202240K, used 202224K [0x00000000e0000000, 0x00000000f0580000, 0x0000000100000000)
  eden space 185856K, 100% used [0x00000000e0000000,0x00000000eb580000,0x00000000eb580000)
  from space 16384K, 99% used [0x00000000eb580000,0x00000000ec57c2b0,0x00000000ec580000)
  to   space 19456K, 0% used [0x00000000ef280000,0x00000000ef280000,0x00000000f0580000)
 ParOldGen       total 124416K, used 36114K [0x00000000a0000000, 0x00000000a7980000, 0x00000000e0000000)
  object space 124416K, 29% used [0x00000000a0000000,0x00000000a2344a08,0x00000000a7980000)
 Metaspace       used 75910K, capacity 79380K, committed 79704K, reserved 1118208K
  class space    used 10399K, capacity 11040K, committed 11136K, reserved 1048576K
Event: 97.250 GC heap after
Heap after GC invocations=17 (full 3):
 PSYoungGen      total 238080K, used 15267K [0x00000000e0000000, 0x00000000f0180000, 0x0000000100000000)
  eden space 222720K, 0% used [0x00000000e0000000,0x00000000e0000000,0x00000000ed980000)
  from space 15360K, 99% used [0x00000000ef280000,0x00000000f0168ff0,0x00000000f0180000)
  to   space 20480K, 0% used [0x00000000ed980000,0x00000000ed980000,0x00000000eed80000)
 ParOldGen       total 124416K, used 46358K [0x00000000a0000000, 0x00000000a7980000, 0x00000000e0000000)
  object space 124416K, 37% used [0x00000000a0000000,0x00000000a2d45930,0x00000000a7980000)
 Metaspace       used 75910K, capacity 79380K, committed 79704K, reserved 1118208K
  class space    used 10399K, capacity 11040K, committed 11136K, reserved 1048576K
}
Event: 107.979 GC heap before
{Heap before GC invocations=18 (full 3):
 PSYoungGen      total 238080K, used 237987K [0x00000000e0000000, 0x00000000f0180000, 0x0000000100000000)
  eden space 222720K, 100% used [0x00000000e0000000,0x00000000ed980000,0x00000000ed980000)
  from space 15360K, 99% used [0x00000000ef280000,0x00000000f0168ff0,0x00000000f0180000)
  to   space 20480K, 0% used [0x00000000ed980000,0x00000000ed980000,0x00000000eed80000)
 ParOldGen       total 124416K, used 46358K [0x00000000a0000000, 0x00000000a7980000, 0x00000000e0000000)
  object space 124416K, 37% used [0x00000000a0000000,0x00000000a2d45930,0x00000000a7980000)
 Metaspace       used 90471K, capacity 95874K, committed 96216K, reserved 1132544K
  class space    used 12604K, capacity 13725K, committed 13824K, reserved 1048576K
Event: 108.039 GC heap after
Heap after GC invocations=18 (full 3):
 PSYoungGen      total 243200K, used 20460K [0x00000000e0000000, 0x00000000f4180000, 0x0000000100000000)
  eden space 222720K, 0% used [0x00000000e0000000,0x00000000e0000000,0x00000000ed980000)
  from space 20480K, 99% used [0x00000000ed980000,0x00000000eed7b1b8,0x00000000eed80000)
  to   space 30208K, 0% used [0x00000000f2400000,0x00000000f2400000,0x00000000f4180000)
 ParOldGen       total 124416K, used 65417K [0x00000000a0000000, 0x00000000a7980000, 0x00000000e0000000)
  object space 124416K, 52% used [0x00000000a0000000,0x00000000a3fe2798,0x00000000a7980000)
 Metaspace       used 90471K, capacity 95874K, committed 96216K, reserved 1132544K
  class space    used 12604K, capacity 13725K, committed 13824K, reserved 1048576K
}

Deoptimization events (10 events):
Event: 108.253 Thread 0x000000001f0bf000 Uncommon trap: reason=bimorphic action=maybe_recompile pc=0x00000000048bcc1c method=java.util.Collections$SetFromMap.contains(Ljava/lang/Object;)Z @ 5
Event: 108.253 Thread 0x000000001f0bf000 Uncommon trap: reason=bimorphic action=maybe_recompile pc=0x00000000048bcc1c method=java.util.Collections$SetFromMap.contains(Ljava/lang/Object;)Z @ 5
Event: 108.371 Thread 0x000000001f0bf000 Uncommon trap: reason=predicate action=maybe_recompile pc=0x0000000004e4ce54 method=java.util.TimSort.binarySort([Ljava/lang/Object;IIILjava/util/Comparator;)V @ 37
Event: 108.494 Thread 0x000000001f0bf000 Uncommon trap: reason=unstable_if action=reinterpret pc=0x0000000004e732e0 method=com.android.tools.r8.dex.m.c(I)V @ 8
Event: 108.557 Thread 0x000000001f0b7800 Uncommon trap: reason=unstable_if action=reinterpret pc=0x0000000004145340 method=java.nio.Buffer.limit(I)Ljava/nio/Buffer; @ 33
Event: 109.024 Thread 0x000000001b5c7000 Uncommon trap: reason=null_check action=make_not_entrant pc=0x00000000049f2bdc method=org.gradle.api.internal.attributes.DefaultAttributesSchema.compatibilityRules(Lorg/gradle/api/attributes/Attribute;)Lorg/gradle/api/internal/attributes/CompatibilityRule
Event: 109.035 Thread 0x000000001b5c7000 Uncommon trap: reason=array_check action=maybe_recompile pc=0x0000000004e8c090 method=java.util.TimSort.binarySort([Ljava/lang/Object;IIILjava/util/Comparator;)V @ 193
Event: 109.037 Thread 0x000000001b5c7000 Uncommon trap: reason=class_check action=maybe_recompile pc=0x0000000004858e2c method=com.google.common.collect.SortedIterables.hasSameComparator(Ljava/util/Comparator;Ljava/lang/Iterable;)Z @ 11
Event: 109.038 Thread 0x000000001b5c7000 Uncommon trap: reason=unstable_if action=reinterpret pc=0x000000000451d06c method=com.google.common.cache.LocalCache$Segment.getLiveEntry(Ljava/lang/Object;IJ)Lcom/google/common/cache/ReferenceEntry; @ 25
Event: 109.039 Thread 0x000000001b5c7000 Uncommon trap: reason=unstable_if action=reinterpret pc=0x000000000368b310 method=com.google.common.cache.LocalCache$Segment.expireEntries(J)V @ 84

Classes redefined (0 events):
No events

Internal exceptions (10 events):
Event: 105.181 Thread 0x000000001f0b8000 Exception <a 'java/lang/NoSuchMethodError': java.lang.Object.lambda$static$0(Ljava/lang/String;)Z> (0x00000000e768cc30) thrown at [C:\src\AOSP-openjdk-git\hotspot\src\share\vm\interpreter\linkResolver.cpp, line 620]
Event: 105.891 Thread 0x000000001f0be000 Exception <a 'java/lang/NoSuchMethodError': java.lang.Object.lambda$comparingInt$7b0bb60$1(Ljava/util/function/ToIntFunction;Ljava/lang/Object;Ljava/lang/Object;)I> (0x00000000e87995e8) thrown at [C:\src\AOSP-openjdk-git\hotspot\src\share\vm\interpreter\l
Event: 105.891 Thread 0x000000001f0b7800 Exception <a 'java/lang/NoSuchMethodError': java.lang.Object.lambda$comparingInt$7b0bb60$1(Ljava/util/function/ToIntFunction;Ljava/lang/Object;Ljava/lang/Object;)I> (0x00000000e87d22c0) thrown at [C:\src\AOSP-openjdk-git\hotspot\src\share\vm\interpreter\l
Event: 105.891 Thread 0x000000001f0b8000 Exception <a 'java/lang/NoSuchMethodError': java.lang.Object.lambda$comparingInt$7b0bb60$1(Ljava/util/function/ToIntFunction;Ljava/lang/Object;Ljava/lang/Object;)I> (0x00000000e8826408) thrown at [C:\src\AOSP-openjdk-git\hotspot\src\share\vm\interpreter\l
Event: 105.891 Thread 0x000000001f0bf000 Exception <a 'java/lang/NoSuchMethodError': java.lang.Object.lambda$comparingInt$7b0bb60$1(Ljava/util/function/ToIntFunction;Ljava/lang/Object;Ljava/lang/Object;)I> (0x00000000e872d828) thrown at [C:\src\AOSP-openjdk-git\hotspot\src\share\vm\interpreter\l
Event: 106.440 Thread 0x000000001f0be000 Exception <a 'java/lang/IncompatibleClassChangeError': Found class java.lang.Object, but interface was expected> (0x00000000ea967728) thrown at [C:\src\AOSP-openjdk-git\hotspot\src\share\vm\interpreter\linkResolver.cpp, line 653]
Event: 106.440 Thread 0x000000001f0b7800 Exception <a 'java/lang/IncompatibleClassChangeError': Found class java.lang.Object, but interface was expected> (0x00000000ea9ae130) thrown at [C:\src\AOSP-openjdk-git\hotspot\src\share\vm\interpreter\linkResolver.cpp, line 653]
Event: 107.629 Thread 0x000000001f0be000 Implicit null exception at 0x0000000004c762d8 to 0x0000000004c7660d
Event: 107.630 Thread 0x000000001f0bf000 Implicit null exception at 0x0000000004c4b270 to 0x0000000004c4b2c5
Event: 109.024 Thread 0x000000001b5c7000 Implicit null exception at 0x00000000049f01b3 to 0x00000000049f2b98

Events (10 events):
Event: 109.097 Thread 0x0000000018be9800 flushing nmethod 0x0000000004aaad50
Event: 109.097 Thread 0x0000000018be9800 flushing nmethod 0x0000000004aac150
Event: 109.097 Thread 0x0000000018be9800 flushing nmethod 0x0000000004aac750
Event: 109.097 Thread 0x0000000018be9800 flushing nmethod 0x0000000004ab0790
Event: 109.097 Thread 0x0000000018be9800 flushing nmethod 0x0000000004aba0d0
Event: 109.097 Thread 0x0000000018be9800 flushing nmethod 0x0000000004abdf10
Event: 109.097 Thread 0x0000000018be9800 flushing nmethod 0x0000000004ac0550
Event: 109.097 Thread 0x0000000018be9800 flushing nmethod 0x0000000004b0f790
Event: 109.097 Thread 0x0000000018be9800 flushing nmethod 0x0000000004b18910
Event: 109.097 Thread 0x0000000018be9800 flushing nmethod 0x0000000004b1c9d0


Dynamic libraries:
0x00007ff671a30000 - 0x00007ff671a61000 	C:\Program Files\Android\Android Studio\jre\bin\java.exe
0x00007ffb13fd0000 - 0x00007ffb141c5000 	C:\WINDOWS\SYSTEM32\ntdll.dll
0x00007ffb00f10000 - 0x00007ffb00f22000 	C:\Program Files\AVG\Antivirus\aswhook.dll
0x00007ffb13680000 - 0x00007ffb1373d000 	C:\WINDOWS\System32\KERNEL32.DLL
0x00007ffb118d0000 - 0x00007ffb11b99000 	C:\WINDOWS\System32\KERNELBASE.dll
0x00007ffb12340000 - 0x00007ffb123ec000 	C:\WINDOWS\System32\ADVAPI32.dll
0x00007ffb12c70000 - 0x00007ffb12d0e000 	C:\WINDOWS\System32\msvcrt.dll
0x00007ffb13370000 - 0x00007ffb1340c000 	C:\WINDOWS\System32\sechost.dll
0x00007ffb13550000 - 0x00007ffb1367b000 	C:\WINDOWS\System32\RPCRT4.dll
0x00007ffb12130000 - 0x00007ffb122d0000 	C:\WINDOWS\System32\USER32.dll
0x00007ffb11d50000 - 0x00007ffb11d72000 	C:\WINDOWS\System32\win32u.dll
0x00007ffb13740000 - 0x00007ffb1376a000 	C:\WINDOWS\System32\GDI32.dll
0x00007ffb11740000 - 0x00007ffb1184b000 	C:\WINDOWS\System32\gdi32full.dll
0x00007ffb11c50000 - 0x00007ffb11ced000 	C:\WINDOWS\System32\msvcp_win.dll
0x00007ffb11f30000 - 0x00007ffb12030000 	C:\WINDOWS\System32\ucrtbase.dll
0x00007ffb0b250000 - 0x00007ffb0b4ea000 	C:\WINDOWS\WinSxS\amd64_microsoft.windows.common-controls_6595b64144ccf1df_6.0.19041.844_none_ca00b6081b84eb1d\COMCTL32.dll
0x00007ffb13770000 - 0x00007ffb137a0000 	C:\WINDOWS\System32\IMM32.DLL
0x0000000054500000 - 0x00000000545d2000 	C:\Program Files\Android\Android Studio\jre\jre\bin\msvcr100.dll
0x0000000056510000 - 0x0000000056d5b000 	C:\Program Files\Android\Android Studio\jre\jre\bin\server\jvm.dll
0x00007ffb12330000 - 0x00007ffb12338000 	C:\WINDOWS\System32\PSAPI.DLL
0x00007ffaff2a0000 - 0x00007ffaff2a9000 	C:\WINDOWS\SYSTEM32\WSOCK32.dll
0x00007ffb0b550000 - 0x00007ffb0b55a000 	C:\WINDOWS\SYSTEM32\VERSION.dll
0x00007ffb0b520000 - 0x00007ffb0b547000 	C:\WINDOWS\SYSTEM32\WINMM.dll
0x00007ffb12030000 - 0x00007ffb1209b000 	C:\WINDOWS\System32\WS2_32.dll
0x00007ffb0e990000 - 0x00007ffb0e99f000 	C:\Program Files\Android\Android Studio\jre\jre\bin\verify.dll
0x00007ffb005f0000 - 0x00007ffb00619000 	C:\Program Files\Android\Android Studio\jre\jre\bin\java.dll
0x00007ffb0e970000 - 0x00007ffb0e986000 	C:\Program Files\Android\Android Studio\jre\jre\bin\zip.dll
0x00007ffb12520000 - 0x00007ffb12c62000 	C:\WINDOWS\System32\SHELL32.dll
0x00007ffb0f890000 - 0x00007ffb10020000 	C:\WINDOWS\SYSTEM32\windows.storage.dll
0x00007ffb13010000 - 0x00007ffb13365000 	C:\WINDOWS\System32\combase.dll
0x00007ffb11180000 - 0x00007ffb111ac000 	C:\WINDOWS\SYSTEM32\Wldp.dll
0x00007ffb12d10000 - 0x00007ffb12dbe000 	C:\WINDOWS\System32\SHCORE.dll
0x00007ffb122d0000 - 0x00007ffb12325000 	C:\WINDOWS\System32\shlwapi.dll
0x00007ffb11650000 - 0x00007ffb1166f000 	C:\WINDOWS\SYSTEM32\profapi.dll
0x00007ffaffc30000 - 0x00007ffaffc4a000 	C:\Program Files\Android\Android Studio\jre\jre\bin\net.dll
0x00007ffb10e90000 - 0x00007ffb10efa000 	C:\WINDOWS\system32\mswsock.dll
0x00007ffaffc10000 - 0x00007ffaffc23000 	C:\Program Files\Android\Android Studio\jre\jre\bin\nio.dll
0x00007ffb0be80000 - 0x00007ffb0bea6000 	C:\Users\Eduardo\.gradle\native\fdc75f09e3144964f2cf3f50f0aa648679c211496f362492102eb8c894070792\windows-amd64\native-platform.dll
0x00007ffb03220000 - 0x00007ffb033b1000 	C:\Users\Eduardo\.gradle\native\12488b8bf47d2d4c9fbf2f6322a914ad602e24e48041cd04a747c6da556b65c4\windows-amd64\native-platform-file-events.dll
0x00007ffb0d180000 - 0x00007ffb0d18d000 	C:\Program Files\Android\Android Studio\jre\jre\bin\management.dll
0x00007ffb11060000 - 0x00007ffb11078000 	C:\WINDOWS\SYSTEM32\CRYPTSP.dll
0x00007ffb107d0000 - 0x00007ffb10804000 	C:\WINDOWS\system32\rsaenh.dll
0x00007ffb11710000 - 0x00007ffb11737000 	C:\WINDOWS\System32\bcrypt.dll
0x00007ffb115d0000 - 0x00007ffb115fe000 	C:\WINDOWS\SYSTEM32\USERENV.dll
0x00007ffb11850000 - 0x00007ffb118d0000 	C:\WINDOWS\System32\bcryptprimitives.dll
0x00007ffb11080000 - 0x00007ffb1108c000 	C:\WINDOWS\SYSTEM32\CRYPTBASE.dll
0x00007ffb10b80000 - 0x00007ffb10bbb000 	C:\WINDOWS\SYSTEM32\IPHLPAPI.DLL
0x00007ffb123f0000 - 0x00007ffb123f8000 	C:\WINDOWS\System32\NSI.dll
0x00007ffb08430000 - 0x00007ffb08447000 	C:\WINDOWS\SYSTEM32\dhcpcsvc6.DLL
0x00007ffb088d0000 - 0x00007ffb088ed000 	C:\WINDOWS\SYSTEM32\dhcpcsvc.DLL
0x00007ffb10bc0000 - 0x00007ffb10c8b000 	C:\WINDOWS\SYSTEM32\DNSAPI.dll
0x00007ffb0ba10000 - 0x00007ffb0ba1b000 	C:\WINDOWS\SYSTEM32\WINNSI.DLL
0x00007ffb072e0000 - 0x00007ffb072fe000 	C:\Users\Eduardo\AppData\Local\Temp\native-platform169259266417866863dir\native-platform.dll

VM Arguments:
jvm_args: -Xmx1536M -Dfile.encoding=UTF-8 -Duser.country=BR -Duser.language=pt -Duser.variant 
java_command: org.gradle.launcher.daemon.bootstrap.GradleDaemon 6.7.1
java_class_path (initial): C:\Users\Eduardo\.gradle\wrapper\dists\gradle-6.7.1-bin\bwlcbys1h7rz3272sye1xwiv6\gradle-6.7.1\lib\gradle-launcher-6.7.1.jar
Launcher Type: SUN_STANDARD

Environment Variables:
JAVA_HOME=C:\Program Files\Android\Android Studio\jre
PATH=C:\Program Files (x86)\Common Files\Oracle\Java\javapath;C:\Program Files (x86)\NVIDIA Corporation\PhysX\Common;C:\WINDOWS\system32;C:\WINDOWS;C:\WINDOWS\System32\Wbem;C:\WINDOWS\System32\WindowsPowerShell\v1.0\;C:\WINDOWS\System32\OpenSSH\;C:\Program Files\dotnet\;C:\Program Files\Git\cmd;C:\Program Files\Android\Android Studio\jre\bin;C:\Users\Eduardo\AppData\Local\Microsoft\WindowsApps;C:\Program Files\Java\jdk1.8.0_281\bin;C:\Users\Eduardo\.dotnet\tools;C:\Program Files\JetBrains\IntelliJ IDEA Community Edition 2020.3.2\bin;
USERNAME=Eduardo
OS=Windows_NT
PROCESSOR_IDENTIFIER=Intel64 Family 6 Model 30 Stepping 5, GenuineIntel



---------------  S Y S T E M  ---------------

OS: Windows 10.0 , 64 bit Build 19041 (10.0.19041.804)

CPU:total 8 (initial active 8) (4 cores per cpu, 2 threads per core) family 6 model 30 stepping 5, cmov, cx8, fxsr, mmx, sse, sse2, sse3, ssse3, sse4.1, sse4.2, popcnt, ht, tsc, tscinvbit

Memory: 4k page, physical 8320380k(1721692k free), swap 8320380k(4324k free)

vm_info: OpenJDK 64-Bit Server VM (25.242-b01) for windows-amd64 JRE (1.8.0_242-release-1644-b01), built by "builder" with MS VC++ 10.0 (VS2010)

time: Sun Feb 28 11:49:13 2021
timezone: Hora oficial do Brasil
elapsed time: 109 seconds (0d 0h 1m 49s)

