#
# There is insufficient memory for the Java Runtime Environment to continue.
# Native memory allocation (malloc) failed to allocate 961216 bytes for Chunk::new
# Possible reasons:
#   The system is out of physical RAM or swap space
#   The process is running with CompressedOops enabled, and the Java Heap may be blocking the growth of the native heap
# Possible solutions:
#   Reduce memory load on the system
#   Increase physical memory or swap space
#   Check if swap backing store is full
#   Decrease Java heap size (-Xmx/-Xms)
#   Decrease number of Java threads
#   Decrease Java thread stack sizes (-Xss)
#   Set larger code cache with -XX:ReservedCodeCacheSize=
#   JVM is running with Unscaled Compressed Oops mode in which the Java heap is
#     placed in the first 4GB address space. The Java Heap base address is the
#     maximum limit for the native heap growth. Please use -XX:HeapBaseMinAddress
#     to set the Java Heap base and to place the Java Heap above 4GB virtual address.
# This output file may be truncated or incomplete.
#
#  Out of Memory Error (allocation.cpp:389), pid=7552, tid=0x0000000000000d68
#
# JRE version: OpenJDK Runtime Environment (8.0_242-b01) (build 1.8.0_242-release-1644-b01)
# Java VM: OpenJDK 64-Bit Server VM (25.242-b01 mixed mode windows-amd64 compressed oops)
# Failed to write core dump. Minidumps are not enabled by default on client versions of Windows
#

---------------  T H R E A D  ---------------

Current thread (0x0000000017edc000):  JavaThread "C2 CompilerThread1" daemon [_thread_in_native, id=3432, stack(0x000000001a6e0000,0x000000001a7e0000)]

Stack: [0x000000001a6e0000,0x000000001a7e0000]
[error occurred during error reporting (printing stack bounds), id 0xc0000005]

Native frames: (J=compiled Java code, j=interpreted, Vv=VM code, C=native code)


Current CompileTask:
C2:   2105 1541       4       com.sun.nio.zipfs.ZipFileSystem::addToTree (119 bytes)


---------------  P R O C E S S  ---------------

Java Threads: ( => current thread )
  0x0000000019d9f800 JavaThread "Service Thread" daemon [_thread_blocked, id=1032, stack(0x000000001a9e0000,0x000000001aae0000)]
  0x0000000019d17800 JavaThread "C1 CompilerThread3" daemon [_thread_blocked, id=3068, stack(0x000000001a8e0000,0x000000001a9e0000)]
  0x0000000019d0b800 JavaThread "C2 CompilerThread2" daemon [_thread_blocked, id=1344, stack(0x000000001a7e0000,0x000000001a8e0000)]
=>0x0000000017edc000 JavaThread "C2 CompilerThread1" daemon [_thread_in_native, id=3432, stack(0x000000001a6e0000,0x000000001a7e0000)]
  0x0000000019d03000 JavaThread "C2 CompilerThread0" daemon [_thread_blocked, id=7788, stack(0x000000001a5e0000,0x000000001a6e0000)]
  0x0000000019d06800 JavaThread "Attach Listener" daemon [_thread_blocked, id=7776, stack(0x000000001a4e0000,0x000000001a5e0000)]
  0x0000000019d05800 JavaThread "Signal Dispatcher" daemon [_thread_blocked, id=10316, stack(0x000000001a3e0000,0x000000001a4e0000)]
  0x0000000019cf1000 JavaThread "Finalizer" daemon [_thread_blocked, id=10596, stack(0x000000001a1d0000,0x000000001a2d0000)]
  0x0000000017ecc000 JavaThread "Reference Handler" daemon [_thread_blocked, id=3576, stack(0x000000001a0d0000,0x000000001a1d0000)]
  0x0000000002df2800 JavaThread "main" [_thread_in_vm, id=8428, stack(0x0000000002cf0000,0x0000000002df0000)]

Other Threads:
  0x0000000017ec8800 VMThread [stack: 0x0000000019bd0000,0x0000000019cd0000] [id=10552]
  0x0000000019da8000 WatcherThread [stack: 0x000000001aae0000,0x000000001abe0000] [id=10972]

VM state:not at safepoint (normal execution)

VM Mutex/Monitor currently owned by a thread:  ([mutex/lock_event])
[0x0000000002df0d50] MethodCompileQueue_lock - owner thread: 0x0000000000000000

heap address: 0x0000000081000000, size: 2032 MB, Compressed Oops mode: 32-bit
Narrow klass base: 0x0000000000000000, Narrow klass shift: 3
Compressed class space size: 1073741824 Address: 0x0000000100000000

Heap:
 PSYoungGen      total 38400K, used 30897K [0x00000000d5b00000, 0x00000000da600000, 0x0000000100000000)
  eden space 33280K, 77% used [0x00000000d5b00000,0x00000000d742c438,0x00000000d7b80000)
  from space 5120K, 100% used [0x00000000d8080000,0x00000000d8580000,0x00000000d8580000)
  to   space 5120K, 0% used [0x00000000d7b80000,0x00000000d7b80000,0x00000000d8080000)
 ParOldGen       total 87552K, used 7707K [0x0000000081000000, 0x0000000086580000, 0x00000000d5b00000)
  object space 87552K, 8% used [0x0000000081000000,0x0000000081786d08,0x0000000086580000)
 Metaspace       used 19568K, capacity 19974K, committed 20352K, reserved 1067008K
  class space    used 2235K, capacity 2343K, committed 2432K, reserved 1048576K

Card table byte_map: [0x00000000122b0000,0x00000000126b0000] byte_map_base: 0x0000000011ea8000

Marking Bits: (ParMarkBitMap*) 0x000000005c2cf030
 Begin Bits: [0x0000000013160000, 0x0000000015120000)
 End Bits:   [0x0000000015120000, 0x00000000170e0000)

Polling page: 0x0000000001430000

CodeCache: size=245760Kb used=4950Kb max_used=4951Kb free=240809Kb
 bounds [0x0000000002ef0000, 0x00000000033d0000, 0x0000000011ef0000]
 total_blobs=2017 nmethods=1587 adapters=344
 compilation: enabled

Compilation events (10 events):
Event: 2.045 Thread 0x0000000019d17800 1573       3       java.nio.CharBuffer::arrayOffset (35 bytes)
Event: 2.046 Thread 0x0000000019d17800 nmethod 1573 0x00000000033c1c10 code [0x00000000033c1da0, 0x00000000033c2098]
Event: 2.048 Thread 0x0000000019d17800 1574       3       com.sun.nio.zipfs.ZipFileSystem$IndexNode::<init> (20 bytes)
Event: 2.049 Thread 0x0000000019d17800 nmethod 1574 0x00000000033c2190 code [0x00000000033c2300, 0x00000000033c2608]
Event: 2.053 Thread 0x0000000019d0b800 1575       4       com.sun.nio.zipfs.ZipFileSystem$IndexNode::<init> (20 bytes)
Event: 2.059 Thread 0x0000000019d0b800 nmethod 1575 0x00000000033c5510 code [0x00000000033c5640, 0x00000000033c5858]
Event: 2.071 Thread 0x0000000019d03000 1576 %     4       java.util.AbstractCollection::toArray @ 42 (147 bytes)
Event: 2.071 Thread 0x0000000019d17800 1577       3       com.sun.nio.zipfs.ZipFileSystem$IndexNode::equals (24 bytes)
Event: 2.072 Thread 0x0000000019d17800 nmethod 1577 0x00000000033c4f10 code [0x00000000033c5080, 0x00000000033c5448]
Event: 2.073 Thread 0x0000000019d0b800 1578       4       com.sun.nio.zipfs.ZipFileSystem$IndexNode::equals (24 bytes)

GC Heap History (4 events):
Event: 0.975 GC heap before
{Heap before GC invocations=1 (full 0):
 PSYoungGen      total 38400K, used 33280K [0x00000000d5b00000, 0x00000000d8580000, 0x0000000100000000)
  eden space 33280K, 100% used [0x00000000d5b00000,0x00000000d7b80000,0x00000000d7b80000)
  from space 5120K, 0% used [0x00000000d8080000,0x00000000d8080000,0x00000000d8580000)
  to   space 5120K, 0% used [0x00000000d7b80000,0x00000000d7b80000,0x00000000d8080000)
 ParOldGen       total 87552K, used 0K [0x0000000081000000, 0x0000000086580000, 0x00000000d5b00000)
  object space 87552K, 0% used [0x0000000081000000,0x0000000081000000,0x0000000086580000)
 Metaspace       used 10287K, capacity 10458K, committed 10624K, reserved 1058816K
  class space    used 1084K, capacity 1147K, committed 1152K, reserved 1048576K
Event: 0.984 GC heap after
Heap after GC invocations=1 (full 0):
 PSYoungGen      total 38400K, used 5089K [0x00000000d5b00000, 0x00000000d8580000, 0x0000000100000000)
  eden space 33280K, 0% used [0x00000000d5b00000,0x00000000d5b00000,0x00000000d7b80000)
  from space 5120K, 99% used [0x00000000d7b80000,0x00000000d8078778,0x00000000d8080000)
  to   space 5120K, 0% used [0x00000000d8080000,0x00000000d8080000,0x00000000d8580000)
 ParOldGen       total 87552K, used 2612K [0x0000000081000000, 0x0000000086580000, 0x00000000d5b00000)
  object space 87552K, 2% used [0x0000000081000000,0x000000008128d3f0,0x0000000086580000)
 Metaspace       used 10287K, capacity 10458K, committed 10624K, reserved 1058816K
  class space    used 1084K, capacity 1147K, committed 1152K, reserved 1048576K
}
Event: 1.704 GC heap before
{Heap before GC invocations=2 (full 0):
 PSYoungGen      total 38400K, used 38369K [0x00000000d5b00000, 0x00000000d8580000, 0x0000000100000000)
  eden space 33280K, 100% used [0x00000000d5b00000,0x00000000d7b80000,0x00000000d7b80000)
  from space 5120K, 99% used [0x00000000d7b80000,0x00000000d8078778,0x00000000d8080000)
  to   space 5120K, 0% used [0x00000000d8080000,0x00000000d8080000,0x00000000d8580000)
 ParOldGen       total 87552K, used 2612K [0x0000000081000000, 0x0000000086580000, 0x00000000d5b00000)
  object space 87552K, 2% used [0x0000000081000000,0x000000008128d3f0,0x0000000086580000)
 Metaspace       used 16093K, capacity 16340K, committed 16512K, reserved 1064960K
  class space    used 1833K, capacity 1900K, committed 1920K, reserved 1048576K
Event: 1.715 GC heap after
Heap after GC invocations=2 (full 0):
 PSYoungGen      total 38400K, used 5120K [0x00000000d5b00000, 0x00000000da600000, 0x0000000100000000)
  eden space 33280K, 0% used [0x00000000d5b00000,0x00000000d5b00000,0x00000000d7b80000)
  from space 5120K, 100% used [0x00000000d8080000,0x00000000d8580000,0x00000000d8580000)
  to   space 5120K, 0% used [0x00000000d7b80000,0x00000000d7b80000,0x00000000d8080000)
 ParOldGen       total 87552K, used 7707K [0x0000000081000000, 0x0000000086580000, 0x00000000d5b00000)
  object space 87552K, 8% used [0x0000000081000000,0x0000000081786d08,0x0000000086580000)
 Metaspace       used 16093K, capacity 16340K, committed 16512K, reserved 1064960K
  class space    used 1833K, capacity 1900K, committed 1920K, reserved 1048576K
}

Deoptimization events (10 events):
Event: 1.851 Thread 0x0000000002df2800 Uncommon trap: reason=class_check action=maybe_recompile pc=0x0000000003274280 method=java.util.Collections$UnmodifiableCollection.size()I @ 4
Event: 1.851 Thread 0x0000000002df2800 Uncommon trap: reason=class_check action=maybe_recompile pc=0x000000000327e72c method=java.util.Collections$UnmodifiableList.get(I)Ljava/lang/Object; @ 5
Event: 1.852 Thread 0x0000000002df2800 Uncommon trap: reason=class_check action=maybe_recompile pc=0x0000000003274280 method=java.util.Collections$UnmodifiableCollection.size()I @ 4
Event: 1.879 Thread 0x0000000002df2800 Uncommon trap: reason=unstable_if action=reinterpret pc=0x0000000003119520 method=sun.misc.MetaIndex.mayContain(Ljava/lang/String;)Z @ 38
Event: 1.880 Thread 0x0000000002df2800 Uncommon trap: reason=unstable_if action=reinterpret pc=0x0000000003354754 method=sun.misc.MetaIndex.mayContain(Ljava/lang/String;)Z @ 38
Event: 1.963 Thread 0x0000000002df2800 Uncommon trap: reason=unstable_if action=reinterpret pc=0x00000000033ad3dc method=java.util.Arrays.equals([B[B)Z @ 2
Event: 1.965 Thread 0x0000000002df2800 Uncommon trap: reason=unstable_if action=reinterpret pc=0x00000000033b3b0c method=com.sun.nio.zipfs.ZipFileSystem.getParent([B)[B @ 21
Event: 1.988 Thread 0x0000000002df2800 Uncommon trap: reason=class_check action=maybe_recompile pc=0x0000000003395374 method=java.util.zip.InflaterInputStream.read([BII)I @ 100
Event: 2.039 Thread 0x0000000002df2800 Uncommon trap: reason=unstable_if action=reinterpret pc=0x00000000033b0228 method=java.util.Arrays.hashCode([B)I @ 1
Event: 2.071 Thread 0x0000000002df2800 Uncommon trap: reason=unstable_if action=reinterpret pc=0x00000000033b3650 method=java.util.Arrays.equals([B[B)Z @ 2

Classes redefined (0 events):
No events

Internal exceptions (10 events):
Event: 0.603 Thread 0x0000000002df2800 Exception <a 'java/security/PrivilegedActionException'> (0x00000000d6af8170) thrown at [C:\src\AOSP-openjdk-git\hotspot\src\share\vm\prims\jvm.cpp, line 1502]
Event: 0.603 Thread 0x0000000002df2800 Exception <a 'java/security/PrivilegedActionException'> (0x00000000d6af8568) thrown at [C:\src\AOSP-openjdk-git\hotspot\src\share\vm\prims\jvm.cpp, line 1502]
Event: 0.604 Thread 0x0000000002df2800 Exception <a 'java/security/PrivilegedActionException'> (0x00000000d6afc728) thrown at [C:\src\AOSP-openjdk-git\hotspot\src\share\vm\prims\jvm.cpp, line 1502]
Event: 0.604 Thread 0x0000000002df2800 Exception <a 'java/security/PrivilegedActionException'> (0x00000000d6afcb20) thrown at [C:\src\AOSP-openjdk-git\hotspot\src\share\vm\prims\jvm.cpp, line 1502]
Event: 0.604 Thread 0x0000000002df2800 Exception <a 'java/security/PrivilegedActionException'> (0x00000000d6afe610) thrown at [C:\src\AOSP-openjdk-git\hotspot\src\share\vm\prims\jvm.cpp, line 1502]
Event: 0.604 Thread 0x0000000002df2800 Exception <a 'java/security/PrivilegedActionException'> (0x00000000d6afea08) thrown at [C:\src\AOSP-openjdk-git\hotspot\src\share\vm\prims\jvm.cpp, line 1502]
Event: 0.907 Thread 0x0000000002df2800 Exception <a 'java/lang/ArrayIndexOutOfBoundsException'> (0x00000000d78df4c8) thrown at [C:\src\AOSP-openjdk-git\hotspot\src\share\vm\runtime\sharedRuntime.cpp, line 605]
Event: 1.154 Thread 0x0000000002df2800 Exception <a 'java/lang/ArrayIndexOutOfBoundsException'> (0x00000000d62c4558) thrown at [C:\src\AOSP-openjdk-git\hotspot\src\share\vm\runtime\sharedRuntime.cpp, line 605]
Event: 1.764 Thread 0x0000000002df2800 Exception <a 'java/lang/NoSuchMethodError': java.lang.Object.lambda$static$0()J> (0x00000000d5deaeb8) thrown at [C:\src\AOSP-openjdk-git\hotspot\src\share\vm\interpreter\linkResolver.cpp, line 620]
Event: 2.039 Thread 0x0000000002df2800 Implicit null exception at 0x00000000033b0093 to 0x00000000033b020e

Events (10 events):
Event: 2.034 loading class gnu/trove/THashIterator
Event: 2.034 loading class gnu/trove/THashIterator done
Event: 2.034 loading class gnu/trove/TIterator
Event: 2.034 loading class gnu/trove/TIterator done
Event: 2.039 Thread 0x0000000002df2800 Uncommon trap: trap_request=0xffffff65 fr.pc=0x00000000033b0228
Event: 2.039 Thread 0x0000000002df2800 DEOPT PACKING pc=0x00000000033b0228 sp=0x0000000002deea40
Event: 2.039 Thread 0x0000000002df2800 DEOPT UNPACKING pc=0x0000000002f3557b sp=0x0000000002dee910 mode 2
Event: 2.071 Thread 0x0000000002df2800 Uncommon trap: trap_request=0xffffff65 fr.pc=0x00000000033b3650
Event: 2.071 Thread 0x0000000002df2800 DEOPT PACKING pc=0x00000000033b3650 sp=0x0000000002dee820
Event: 2.071 Thread 0x0000000002df2800 DEOPT UNPACKING pc=0x0000000002f3557b sp=0x0000000002dee750 mode 2


Dynamic libraries:
0x00007ff6b9f20000 - 0x00007ff6b9f51000 	C:\Program Files\Android\Android Studio\jre\jre\bin\java.exe
0x00007ffe433f0000 - 0x00007ffe435e5000 	C:\WINDOWS\SYSTEM32\ntdll.dll
0x00007ffe20060000 - 0x00007ffe20072000 	C:\Program Files\AVG\Antivirus\aswhook.dll
0x00007ffe426b0000 - 0x00007ffe4276d000 	C:\WINDOWS\System32\KERNEL32.DLL
0x00007ffe40c10000 - 0x00007ffe40ed9000 	C:\WINDOWS\System32\KERNELBASE.dll
0x00007ffe41780000 - 0x00007ffe4182c000 	C:\WINDOWS\System32\ADVAPI32.dll
0x00007ffe42780000 - 0x00007ffe4281e000 	C:\WINDOWS\System32\msvcrt.dll
0x00007ffe42e70000 - 0x00007ffe42f0c000 	C:\WINDOWS\System32\sechost.dll
0x00007ffe42050000 - 0x00007ffe4217b000 	C:\WINDOWS\System32\RPCRT4.dll
0x00007ffe424e0000 - 0x00007ffe42680000 	C:\WINDOWS\System32\USER32.dll
0x00007ffe41420000 - 0x00007ffe41442000 	C:\WINDOWS\System32\win32u.dll
0x00007ffe42f10000 - 0x00007ffe42f3a000 	C:\WINDOWS\System32\GDI32.dll
0x00007ffe410c0000 - 0x00007ffe411cb000 	C:\WINDOWS\System32\gdi32full.dll
0x00007ffe411d0000 - 0x00007ffe4126d000 	C:\WINDOWS\System32\msvcp_win.dll
0x00007ffe41270000 - 0x00007ffe41370000 	C:\WINDOWS\System32\ucrtbase.dll
0x00007ffe3a9d0000 - 0x00007ffe3ac6a000 	C:\WINDOWS\WinSxS\amd64_microsoft.windows.common-controls_6595b64144ccf1df_6.0.19041.844_none_ca00b6081b84eb1d\COMCTL32.dll
0x00007ffe42680000 - 0x00007ffe426b0000 	C:\WINDOWS\System32\IMM32.DLL
0x0000000059af0000 - 0x0000000059bc2000 	C:\Program Files\Android\Android Studio\jre\jre\bin\msvcr100.dll
0x000000005bb00000 - 0x000000005c34b000 	C:\Program Files\Android\Android Studio\jre\jre\bin\server\jvm.dll
0x00007ffe41660000 - 0x00007ffe41668000 	C:\WINDOWS\System32\PSAPI.DLL
0x00007ffe2fb20000 - 0x00007ffe2fb29000 	C:\WINDOWS\SYSTEM32\WSOCK32.dll
0x00007ffe3b060000 - 0x00007ffe3b06a000 	C:\WINDOWS\SYSTEM32\VERSION.dll
0x00007ffe3dd90000 - 0x00007ffe3ddb7000 	C:\WINDOWS\SYSTEM32\WINMM.dll
0x00007ffe42ac0000 - 0x00007ffe42b2b000 	C:\WINDOWS\System32\WS2_32.dll
0x00007ffe3c0e0000 - 0x00007ffe3c0ef000 	C:\Program Files\Android\Android Studio\jre\jre\bin\verify.dll
0x00007ffe3a3e0000 - 0x00007ffe3a409000 	C:\Program Files\Android\Android Studio\jre\jre\bin\java.dll
0x00007ffe37090000 - 0x00007ffe370a6000 	C:\Program Files\Android\Android Studio\jre\jre\bin\zip.dll
0x00007ffe41900000 - 0x00007ffe42042000 	C:\WINDOWS\System32\SHELL32.dll
0x00007ffe3ecb0000 - 0x00007ffe3f440000 	C:\WINDOWS\SYSTEM32\windows.storage.dll
0x00007ffe42180000 - 0x00007ffe424d5000 	C:\WINDOWS\System32\combase.dll
0x00007ffe40530000 - 0x00007ffe4055c000 	C:\WINDOWS\SYSTEM32\Wldp.dll
0x00007ffe416d0000 - 0x00007ffe4177e000 	C:\WINDOWS\System32\SHCORE.dll
0x00007ffe41670000 - 0x00007ffe416c5000 	C:\WINDOWS\System32\shlwapi.dll
0x00007ffe40a70000 - 0x00007ffe40a8f000 	C:\WINDOWS\SYSTEM32\profapi.dll
0x00007ffe369f0000 - 0x00007ffe36a0a000 	C:\Program Files\Android\Android Studio\jre\jre\bin\net.dll
0x00007ffe40250000 - 0x00007ffe402ba000 	C:\WINDOWS\system32\mswsock.dll
0x00007ffe3c700000 - 0x00007ffe3c713000 	C:\Program Files\Android\Android Studio\jre\jre\bin\nio.dll

VM Arguments:
java_command: org.jetbrains.kotlin.cli.jvm.K2JVMCompiler @C:\Users\Eduardo\AndroidStudioProjects\CalculadoraDeNotas\app\build\20210228_3613158294140750357.compiler.options
java_class_path (initial): C:\Users\Eduardo\.gradle\caches\modules-2\files-2.1\org.jetbrains.kotlin\kotlin-compiler-embeddable\1.4.30\320bc62a2dfa19a24bc1613894ae0eabc909052c\kotlin-compiler-embeddable-1.4.30.jar;C:\Users\Eduardo\.gradle\caches\modules-2\files-2.1\org.jetbrains.kotlin\kotlin-reflect\1.4.30\a9116fbe28a0514671787df95133f28e65fdac25\kotlin-reflect-1.4.30.jar;C:\Users\Eduardo\.gradle\caches\modules-2\files-2.1\org.jetbrains.kotlin\kotlin-stdlib\1.4.30\d10d1e10f47006ee08162dde039e38ac487de4ac\kotlin-stdlib-1.4.30.jar;C:\Users\Eduardo\.gradle\caches\modules-2\files-2.1\org.jetbrains.kotlin\kotlin-script-runtime\1.4.30\b9c2a1fab9217623fc0fbadf6190e77eed6f054d\kotlin-script-runtime-1.4.30.jar;C:\Users\Eduardo\.gradle\caches\modules-2\files-2.1\org.jetbrains.kotlin\kotlin-daemon-embeddable\1.4.30\bc024798c5378570ded42ffe3db82ca8ac86dabc\kotlin-daemon-embeddable-1.4.30.jar;C:\Users\Eduardo\.gradle\caches\modules-2\files-2.1\org.jetbrains.intellij.deps\trove4j\1.0.20181211\216c2e14b070f334479d800987affe4054cd563f\trove4j-1.0.20181211.jar;C:\Users\Eduardo\.gradle\caches\modules-2\files-2.1\org.jetbrains.kotlin\kotlin-stdlib-common\1.4.30\bb9a3173350f55732416ee27956ea8f9b81f4dbb\kotlin-stdlib-common-1.4.30.jar;C:\Users\Eduardo\.gradle\caches\modules-2\files-2.1\org.jetbrains\annotations\13.0\919f0dfe192fb4e063e7dacadee7f8bb9a2672a9\annotations-13.0.jar;C:\Program Files\Android\Android Studio\jre\lib\tools.jar
Launcher Type: SUN_STANDARD

Environment Variables:
JAVA_HOME=C:\Program Files\Android\Android Studio\jre
PATH=C:\Program Files (x86)\Common Files\Oracle\Java\javapath;C:\Program Files (x86)\NVIDIA Corporation\PhysX\Common;C:\WINDOWS\system32;C:\WINDOWS;C:\WINDOWS\System32\Wbem;C:\WINDOWS\System32\WindowsPowerShell\v1.0\;C:\WINDOWS\System32\OpenSSH\;C:\Program Files\dotnet\;C:\Program Files\Git\cmd;C:\Program Files\Android\Android Studio\jre\bin;C:\Users\Eduardo\AppData\Local\Microsoft\WindowsApps;C:\Program Files\Java\jdk1.8.0_281\bin;C:\Users\Eduardo\.dotnet\tools;C:\Program Files\JetBrains\IntelliJ IDEA Community Edition 2020.3.2\bin;
USERNAME=Eduardo
OS=Windows_NT
PROCESSOR_IDENTIFIER=Intel64 Family 6 Model 30 Stepping 5, GenuineIntel



---------------  S Y S T E M  ---------------

OS: Windows 10.0 , 64 bit Build 19041 (10.0.19041.804)

CPU:total 8 (initial active 8) (4 cores per cpu, 2 threads per core) family 6 model 30 stepping 5, cmov, cx8, fxsr, mmx, sse, sse2, sse3, ssse3, sse4.1, sse4.2, popcnt, ht, tsc, tscinvbit

Memory: 4k page, physical 8320380k(1223980k free), swap 8320380k(4584k free)

vm_info: OpenJDK 64-Bit Server VM (25.242-b01) for windows-amd64 JRE (1.8.0_242-release-1644-b01), built by "builder" with MS VC++ 10.0 (VS2010)

time: Sun Feb 28 11:14:57 2021
timezone: Hora oficial do Brasil
elapsed time: 2 seconds (0d 0h 0m 2s)

