#
# There is insufficient memory for the Java Runtime Environment to continue.
# Native memory allocation (malloc) failed to allocate 65552 bytes for Chunk::new
# Possible reasons:
#   The system is out of physical RAM or swap space
#   The process is running with CompressedOops enabled, and the Java Heap may be blocking the growth of the native heap
# Possible solutions:
#   Reduce memory load on the system
#   Increase physical memory or swap space
#   Check if swap backing store is full
#   Decrease Java heap size (-Xmx/-Xms)
#   Decrease number of Java threads
#   Decrease Java thread stack sizes (-Xss)
#   Set larger code cache with -XX:ReservedCodeCacheSize=
#   JVM is running with Unscaled Compressed Oops mode in which the Java heap is
#     placed in the first 4GB address space. The Java Heap base address is the
#     maximum limit for the native heap growth. Please use -XX:HeapBaseMinAddress
#     to set the Java Heap base and to place the Java Heap above 4GB virtual address.
# This output file may be truncated or incomplete.
#
#  Out of Memory Error (allocation.cpp:389), pid=4896, tid=0x0000000000000e9c
#
# JRE version: OpenJDK Runtime Environment (8.0_242-b01) (build 1.8.0_242-release-1644-b01)
# Java VM: OpenJDK 64-Bit Server VM (25.242-b01 mixed mode windows-amd64 compressed oops)
# Failed to write core dump. Minidumps are not enabled by default on client versions of Windows
#

---------------  T H R E A D  ---------------

Current thread (0x0000000019a33000):  JavaThread "C2 CompilerThread0" daemon [_thread_in_native, id=3740, stack(0x000000001a310000,0x000000001a410000)]

Stack: [0x000000001a310000,0x000000001a410000]
[error occurred during error reporting (printing stack bounds), id 0xc0000005]

Native frames: (J=compiled Java code, j=interpreted, Vv=VM code, C=native code)


Current CompileTask:
C2:2641459 25626       4       com.android.tools.r8.ir.optimize.a0::a (1308 bytes)


---------------  P R O C E S S  ---------------

Java Threads: ( => current thread )
  0x000000002f6ea000 JavaThread "stdout" [_thread_in_native, id=9052, stack(0x0000000034830000,0x0000000034930000)]
  0x000000002f6e4800 JavaThread "stderr" [_thread_in_native, id=9704, stack(0x0000000034730000,0x0000000034830000)]
  0x0000000026fac800 JavaThread "pool-6-thread-1" [_thread_blocked, id=968, stack(0x00000000344d0000,0x00000000345d0000)]
  0x0000000026fa8800 JavaThread "WorkerExecutor Queue" [_thread_blocked, id=552, stack(0x00000000343d0000,0x00000000344d0000)]
  0x0000000026faa000 JavaThread "Cache worker for execution history cache (C:\Users\Eduardo\AndroidStudioProjects\CalculadoraDeNotas\.gradle\6.5\executionHistory)" [_thread_blocked, id=1876, stack(0x00000000342d0000,0x00000000343d0000)]
  0x0000000026fa8000 JavaThread "Execution worker for ':' Thread 7" [_thread_blocked, id=7904, stack(0x00000000341d0000,0x00000000342d0000)]
  0x0000000026fad000 JavaThread "Execution worker for ':' Thread 6" [_thread_blocked, id=5416, stack(0x0000000033e60000,0x0000000033f60000)]
  0x0000000026fae800 JavaThread "Execution worker for ':' Thread 5" [_thread_blocked, id=9828, stack(0x0000000033d60000,0x0000000033e60000)]
  0x0000000026fab800 JavaThread "Execution worker for ':' Thread 4" [_thread_blocked, id=2080, stack(0x0000000033c60000,0x0000000033d60000)]
  0x0000000026fab000 JavaThread "Execution worker for ':' Thread 3" [_thread_blocked, id=6116, stack(0x0000000033b60000,0x0000000033c60000)]
  0x0000000026fa9800 JavaThread "Execution worker for ':' Thread 2" [_thread_blocked, id=7828, stack(0x0000000033a60000,0x0000000033b60000)]
  0x0000000026fae000 JavaThread "Execution worker for ':'" [_thread_blocked, id=3644, stack(0x0000000033960000,0x0000000033a60000)]
  0x0000000023932000 JavaThread "Cache worker for file content cache (C:\Users\Eduardo\AndroidStudioProjects\CalculadoraDeNotas\.gradle\6.5\fileContent)" [_thread_blocked, id=2436, stack(0x0000000033860000,0x0000000033960000)]
  0x0000000023930800 JavaThread "pool-5-thread-1" [_thread_blocked, id=9504, stack(0x0000000033760000,0x0000000033860000)]
  0x000000002392f000 JavaThread "Cache worker for Build Output Cleanup Cache (C:\Users\Eduardo\AndroidStudioProjects\CalculadoraDeNotas\.gradle\buildOutputCleanup)" [_thread_blocked, id=9940, stack(0x0000000033660000,0x0000000033760000)]
  0x0000000023931800 JavaThread "jar transforms Thread 362" [_thread_blocked, id=3348, stack(0x0000000033360000,0x0000000033460000)]
  0x000000002392c000 JavaThread "jar transforms Thread 361" [_thread_blocked, id=2676, stack(0x0000000033260000,0x0000000033360000)]
  0x000000002392e800 JavaThread "jar transforms Thread 360" [_thread_blocked, id=632, stack(0x0000000033160000,0x0000000033260000)]
  0x000000002392d800 JavaThread "jar transforms Thread 359" [_thread_blocked, id=9952, stack(0x0000000033060000,0x0000000033160000)]
  0x000000002392d000 JavaThread "jar transforms Thread 358" [_thread_blocked, id=2068, stack(0x0000000032f60000,0x0000000033060000)]
  0x0000000023930000 JavaThread "jar transforms Thread 357" [_thread_blocked, id=6720, stack(0x0000000032e60000,0x0000000032f60000)]
  0x0000000023924800 JavaThread "jar transforms Thread 356" [_thread_blocked, id=3928, stack(0x0000000032d60000,0x0000000032e60000)]
  0x000000002392b800 JavaThread "jar transforms Thread 355" [_thread_blocked, id=6900, stack(0x0000000032c60000,0x0000000032d60000)]
  0x0000000023923800 JavaThread "jar transforms Thread 354" [_thread_blocked, id=2824, stack(0x0000000032b60000,0x0000000032c60000)]
  0x000000002392a800 JavaThread "jar transforms Thread 353" [_thread_blocked, id=1296, stack(0x0000000032a60000,0x0000000032b60000)]
  0x0000000023923000 JavaThread "jar transforms Thread 352" [_thread_blocked, id=6496, stack(0x0000000032960000,0x0000000032a60000)]
  0x0000000023927000 JavaThread "jar transforms Thread 351" [_thread_blocked, id=2664, stack(0x0000000032860000,0x0000000032960000)]
  0x000000002392a000 JavaThread "jar transforms Thread 350" [_thread_blocked, id=9620, stack(0x0000000032760000,0x0000000032860000)]
  0x0000000023926000 JavaThread "jar transforms Thread 349" [_thread_blocked, id=8748, stack(0x0000000032660000,0x0000000032760000)]
  0x0000000023925800 JavaThread "jar transforms Thread 348" [_thread_blocked, id=7200, stack(0x0000000032560000,0x0000000032660000)]
  0x0000000023928800 JavaThread "jar transforms Thread 347" [_thread_blocked, id=6148, stack(0x0000000032460000,0x0000000032560000)]
  0x0000000023927800 JavaThread "jar transforms Thread 346" [_thread_blocked, id=5404, stack(0x0000000032360000,0x0000000032460000)]
  0x0000000023929000 JavaThread "jar transforms Thread 345" [_thread_blocked, id=1128, stack(0x0000000032260000,0x0000000032360000)]
  0x000000001c4ff800 JavaThread "jar transforms Thread 344" [_thread_blocked, id=10104, stack(0x0000000032160000,0x0000000032260000)]
  0x000000001c501000 JavaThread "jar transforms Thread 343" [_thread_blocked, id=4312, stack(0x0000000032060000,0x0000000032160000)]
  0x000000001c4fe800 JavaThread "jar transforms Thread 342" [_thread_blocked, id=9268, stack(0x0000000031f60000,0x0000000032060000)]
  0x000000001c504000 JavaThread "jar transforms Thread 341" [_thread_blocked, id=8680, stack(0x0000000031e60000,0x0000000031f60000)]
  0x000000001c4fe000 JavaThread "jar transforms Thread 340" [_thread_blocked, id=8508, stack(0x0000000031d60000,0x0000000031e60000)]
  0x000000001c503000 JavaThread "jar transforms Thread 339" [_thread_blocked, id=7400, stack(0x0000000031c60000,0x0000000031d60000)]
  0x000000001c502800 JavaThread "jar transforms Thread 338" [_thread_blocked, id=4176, stack(0x0000000031b60000,0x0000000031c60000)]
  0x000000001c500000 JavaThread "jar transforms Thread 337" [_thread_blocked, id=4924, stack(0x0000000031a60000,0x0000000031b60000)]
  0x000000001fa3c800 JavaThread "jar transforms Thread 336" [_thread_blocked, id=9772, stack(0x0000000031960000,0x0000000031a60000)]
  0x000000001fa3b800 JavaThread "jar transforms Thread 335" [_thread_blocked, id=2580, stack(0x0000000031860000,0x0000000031960000)]
  0x000000001fa39000 JavaThread "jar transforms Thread 334" [_thread_blocked, id=3432, stack(0x0000000031760000,0x0000000031860000)]
  0x000000001fa38800 JavaThread "jar transforms Thread 333" [_thread_blocked, id=4552, stack(0x0000000031660000,0x0000000031760000)]
  0x000000001fa37800 JavaThread "jar transforms Thread 332" [_thread_blocked, id=4916, stack(0x0000000031560000,0x0000000031660000)]
  0x000000001fa37000 JavaThread "jar transforms Thread 331" [_thread_blocked, id=6516, stack(0x0000000031460000,0x0000000031560000)]
  0x000000001fa3b000 JavaThread "jar transforms Thread 330" [_thread_blocked, id=1612, stack(0x0000000031360000,0x0000000031460000)]
  0x000000001fa3a000 JavaThread "jar transforms Thread 329" [_thread_blocked, id=4812, stack(0x0000000031260000,0x0000000031360000)]
  0x000000001fa36000 JavaThread "jar transforms Thread 328" [_thread_blocked, id=7776, stack(0x0000000031160000,0x0000000031260000)]
  0x000000001fa2e800 JavaThread "jar transforms Thread 327" [_thread_blocked, id=6316, stack(0x0000000031060000,0x0000000031160000)]
  0x000000001fa35800 JavaThread "jar transforms Thread 326" [_thread_blocked, id=6364, stack(0x0000000030f60000,0x0000000031060000)]
  0x000000001fa34800 JavaThread "jar transforms Thread 325" [_thread_blocked, id=4864, stack(0x0000000030e60000,0x0000000030f60000)]
  0x000000001fa30000 JavaThread "jar transforms Thread 324" [_thread_blocked, id=8204, stack(0x0000000030d60000,0x0000000030e60000)]
  0x000000001fa2d000 JavaThread "jar transforms Thread 323" [_thread_blocked, id=8328, stack(0x0000000030c60000,0x0000000030d60000)]
  0x000000001fa33000 JavaThread "jar transforms Thread 322" [_thread_blocked, id=8164, stack(0x0000000030b60000,0x0000000030c60000)]
  0x000000001b177800 JavaThread "jar transforms Thread 321" [_thread_blocked, id=2296, stack(0x0000000030a60000,0x0000000030b60000)]
  0x000000001b177000 JavaThread "jar transforms Thread 320" [_thread_blocked, id=5804, stack(0x0000000030960000,0x0000000030a60000)]
  0x000000001b175800 JavaThread "jar transforms Thread 319" [_thread_blocked, id=8764, stack(0x0000000030860000,0x0000000030960000)]
  0x000000001b17c000 JavaThread "jar transforms Thread 318" [_thread_blocked, id=9108, stack(0x0000000030760000,0x0000000030860000)]
  0x000000001b17a800 JavaThread "jar transforms Thread 317" [_thread_blocked, id=7248, stack(0x0000000030660000,0x0000000030760000)]
  0x000000001b17a000 JavaThread "jar transforms Thread 316" [_thread_blocked, id=6888, stack(0x0000000030560000,0x0000000030660000)]
  0x000000001b16e000 JavaThread "jar transforms Thread 315" [_thread_blocked, id=6488, stack(0x0000000030460000,0x0000000030560000)]
  0x000000001b174800 JavaThread "jar transforms Thread 314" [_thread_blocked, id=3660, stack(0x0000000030360000,0x0000000030460000)]
  0x000000001b174000 JavaThread "jar transforms Thread 313" [_thread_blocked, id=3352, stack(0x0000000030260000,0x0000000030360000)]
  0x000000001b16f800 JavaThread "jar transforms Thread 312" [_thread_blocked, id=6060, stack(0x0000000030160000,0x0000000030260000)]
  0x000000001b170000 JavaThread "jar transforms Thread 311" [_thread_blocked, id=6712, stack(0x000000002f080000,0x000000002f180000)]
  0x000000001b172800 JavaThread "jar transforms Thread 310" [_thread_blocked, id=10208, stack(0x000000002ece0000,0x000000002ede0000)]
  0x000000001b16d000 JavaThread "jar transforms Thread 309" [_thread_blocked, id=8400, stack(0x000000002e9a0000,0x000000002eaa0000)]
  0x000000001b173000 JavaThread "jar transforms Thread 308" [_thread_blocked, id=10024, stack(0x000000002dca0000,0x000000002dda0000)]
  0x000000001b16e800 JavaThread "jar transforms Thread 307" [_thread_blocked, id=9420, stack(0x000000002d9a0000,0x000000002daa0000)]
  0x000000001b171800 JavaThread "jar transforms Thread 306" [_thread_blocked, id=1532, stack(0x000000002d8a0000,0x000000002d9a0000)]
  0x000000001b171000 JavaThread "jar transforms Thread 305" [_thread_blocked, id=8260, stack(0x000000002d7a0000,0x000000002d8a0000)]
  0x00000000203ef800 JavaThread "jar transforms Thread 304" [_thread_blocked, id=8016, stack(0x000000002d6a0000,0x000000002d7a0000)]
  0x00000000203ee800 JavaThread "jar transforms Thread 303" [_thread_blocked, id=9640, stack(0x000000002d5a0000,0x000000002d6a0000)]
  0x00000000203ee000 JavaThread "jar transforms Thread 302" [_thread_blocked, id=2300, stack(0x000000002d4a0000,0x000000002d5a0000)]
  0x00000000203ed000 JavaThread "jar transforms Thread 301" [_thread_blocked, id=5872, stack(0x000000002d3a0000,0x000000002d4a0000)]
  0x00000000203eb800 JavaThread "jar transforms Thread 300" [_thread_blocked, id=8196, stack(0x000000002d2a0000,0x000000002d3a0000)]
  0x00000000203ec800 JavaThread "jar transforms Thread 299" [_thread_blocked, id=8976, stack(0x000000002d1a0000,0x000000002d2a0000)]
  0x00000000203eb000 JavaThread "jar transforms Thread 298" [_thread_blocked, id=5864, stack(0x000000002d0a0000,0x000000002d1a0000)]
  0x00000000203e3800 JavaThread "jar transforms Thread 297" [_thread_blocked, id=3308, stack(0x000000002cfa0000,0x000000002d0a0000)]
  0x00000000203ea000 JavaThread "jar transforms Thread 296" [_thread_blocked, id=9328, stack(0x000000002cea0000,0x000000002cfa0000)]
  0x00000000203e8800 JavaThread "jar transforms Thread 295" [_thread_blocked, id=9496, stack(0x000000002cda0000,0x000000002cea0000)]
  0x00000000203e9800 JavaThread "jar transforms Thread 294" [_thread_blocked, id=1112, stack(0x000000002cca0000,0x000000002cda0000)]
  0x00000000203e4000 JavaThread "jar transforms Thread 293" [_thread_blocked, id=9552, stack(0x000000002cba0000,0x000000002cca0000)]
  0x00000000203e8000 JavaThread "jar transforms Thread 292" [_thread_blocked, id=7500, stack(0x000000002caa0000,0x000000002cba0000)]
  0x00000000203e2800 JavaThread "jar transforms Thread 291" [_thread_blocked, id=5868, stack(0x000000002c9a0000,0x000000002caa0000)]
  0x00000000203e1000 JavaThread "jar transforms Thread 290" [_thread_blocked, id=592, stack(0x000000002c8a0000,0x000000002c9a0000)]
  0x00000000203e6800 JavaThread "jar transforms Thread 289" [_thread_blocked, id=2516, stack(0x000000002c7a0000,0x000000002c8a0000)]
  0x00000000203e0800 JavaThread "jar transforms Thread 288" [_thread_blocked, id=9944, stack(0x000000002c6a0000,0x000000002c7a0000)]
  0x00000000203e5000 JavaThread "jar transforms Thread 287" [_thread_blocked, id=9672, stack(0x000000002c5a0000,0x000000002c6a0000)]
  0x000000001d04f800 JavaThread "jar transforms Thread 286" [_thread_blocked, id=4668, stack(0x000000002c4a0000,0x000000002c5a0000)]
  0x000000001d050800 JavaThread "jar transforms Thread 285" [_thread_blocked, id=8552, stack(0x000000002c3a0000,0x000000002c4a0000)]
  0x000000001d04f000 JavaThread "jar transforms Thread 284" [_thread_blocked, id=5904, stack(0x000000002c2a0000,0x000000002c3a0000)]
  0x000000001d04e000 JavaThread "jar transforms Thread 283" [_thread_blocked, id=6528, stack(0x000000002c1a0000,0x000000002c2a0000)]
  0x000000001d04c000 JavaThread "jar transforms Thread 282" [_thread_blocked, id=4580, stack(0x000000002c0a0000,0x000000002c1a0000)]
  0x000000001d04d800 JavaThread "jar transforms Thread 281" [_thread_blocked, id=4148, stack(0x000000002bfa0000,0x000000002c0a0000)]
  0x000000001d04c800 JavaThread "jar transforms Thread 280" [_thread_blocked, id=6584, stack(0x000000002bea0000,0x000000002bfa0000)]
  0x000000001d044800 JavaThread "jar transforms Thread 279" [_thread_blocked, id=7764, stack(0x000000002bda0000,0x000000002bea0000)]
  0x000000001d04b000 JavaThread "jar transforms Thread 278" [_thread_blocked, id=6864, stack(0x000000002bca0000,0x000000002bda0000)]
  0x000000001d043800 JavaThread "jar transforms Thread 277" [_thread_blocked, id=4720, stack(0x000000002bba0000,0x000000002bca0000)]
  0x000000001d04a800 JavaThread "jar transforms Thread 276" [_thread_blocked, id=6208, stack(0x000000002baa0000,0x000000002bba0000)]
  0x000000001d049800 JavaThread "jar transforms Thread 275" [_thread_blocked, id=9228, stack(0x000000002b9a0000,0x000000002baa0000)]
  0x000000001d043000 JavaThread "jar transforms Thread 274" [_thread_blocked, id=7424, stack(0x000000002b8a0000,0x000000002b9a0000)]
  0x000000001d042000 JavaThread "jar transforms Thread 273" [_thread_blocked, id=3372, stack(0x000000002b7a0000,0x000000002b8a0000)]
  0x000000001d045000 JavaThread "jar transforms Thread 272" [_thread_blocked, id=5008, stack(0x000000002b6a0000,0x000000002b7a0000)]
  0x000000001d048000 JavaThread "jar transforms Thread 271" [_thread_blocked, id=2480, stack(0x000000002b5a0000,0x000000002b6a0000)]
  0x000000001d049000 JavaThread "jar transforms Thread 270" [_thread_blocked, id=3120, stack(0x000000002b4a0000,0x000000002b5a0000)]
  0x000000001d047800 JavaThread "jar transforms Thread 269" [_thread_blocked, id=10160, stack(0x000000002b3a0000,0x000000002b4a0000)]
  0x000000001d046800 JavaThread "jar transforms Thread 268" [_thread_blocked, id=4380, stack(0x000000002b2a0000,0x000000002b3a0000)]
  0x000000001f388000 JavaThread "jar transforms Thread 267" [_thread_blocked, id=816, stack(0x000000002b040000,0x000000002b140000)]
  0x000000001f387800 JavaThread "jar transforms Thread 266" [_thread_blocked, id=6692, stack(0x000000002af40000,0x000000002b040000)]
  0x000000001f386800 JavaThread "jar transforms Thread 265" [_thread_blocked, id=1340, stack(0x000000002ae40000,0x000000002af40000)]
  0x000000001f38b000 JavaThread "jar transforms Thread 264" [_thread_blocked, id=5032, stack(0x000000002ad40000,0x000000002ae40000)]
  0x000000001f389000 JavaThread "jar transforms Thread 263" [_thread_blocked, id=3476, stack(0x000000002ac40000,0x000000002ad40000)]
  0x000000001f389800 JavaThread "jar transforms Thread 262" [_thread_blocked, id=7196, stack(0x000000002ab40000,0x000000002ac40000)]
  0x000000001f38a800 JavaThread "jar transforms Thread 261" [_thread_blocked, id=328, stack(0x000000002aa40000,0x000000002ab40000)]
  0x000000001f38c000 JavaThread "jar transforms Thread 260" [_thread_blocked, id=3148, stack(0x000000002a940000,0x000000002aa40000)]
  0x000000001f38c800 JavaThread "jar transforms Thread 259" [_thread_blocked, id=8740, stack(0x000000002a840000,0x000000002a940000)]
  0x000000001f386000 JavaThread "jar transforms Thread 258" [_thread_blocked, id=2292, stack(0x000000002a740000,0x000000002a840000)]
  0x000000001f37f000 JavaThread "jar transforms Thread 257" [_thread_blocked, id=6848, stack(0x000000002a640000,0x000000002a740000)]
  0x000000001f385000 JavaThread "jar transforms Thread 256" [_thread_blocked, id=3328, stack(0x000000002a540000,0x000000002a640000)]
  0x000000001f37d800 JavaThread "jar transforms Thread 255" [_thread_blocked, id=9816, stack(0x000000002a440000,0x000000002a540000)]
  0x000000001f384800 JavaThread "jar transforms Thread 254" [_thread_blocked, id=3852, stack(0x000000002a340000,0x000000002a440000)]
  0x000000001f382000 JavaThread "jar transforms Thread 253" [_thread_blocked, id=9284, stack(0x000000002a240000,0x000000002a340000)]
  0x000000001f383800 JavaThread "jar transforms Thread 252" [_thread_blocked, id=6592, stack(0x000000002a140000,0x000000002a240000)]
  0x000000001f383000 JavaThread "jar transforms Thread 251" [_thread_blocked, id=2104, stack(0x000000002a040000,0x000000002a140000)]
  0x000000001f381800 JavaThread "jar transforms Thread 250" [_thread_blocked, id=1780, stack(0x0000000026dc0000,0x0000000026ec0000)]
  0x000000001f37e800 JavaThread "jar transforms Thread 249" [_thread_blocked, id=8428, stack(0x0000000026cc0000,0x0000000026dc0000)]
  0x000000001cfe4000 JavaThread "Build operations Thread 8" [_thread_in_Java, id=2584, stack(0x0000000026960000,0x0000000026a60000)]
  0x000000001cfea000 JavaThread "Build operations Thread 7" [_thread_in_Java, id=6936, stack(0x0000000026860000,0x0000000026960000)]
  0x000000001cfe7800 JavaThread "Build operations Thread 6" [_thread_blocked, id=6948, stack(0x0000000026760000,0x0000000026860000)]
  0x000000001cfe7000 JavaThread "Build operations Thread 5" [_thread_in_Java, id=5440, stack(0x0000000026660000,0x0000000026760000)]
  0x000000001cfe6000 JavaThread "Build operations Thread 4" [_thread_blocked, id=5252, stack(0x0000000026560000,0x0000000026660000)]
  0x000000001cfe5800 JavaThread "Build operations Thread 3" [_thread_in_Java, id=1476, stack(0x0000000026460000,0x0000000026560000)]
  0x000000001cfe9000 JavaThread "Build operations Thread 2" [_thread_in_Java, id=376, stack(0x00000000260c0000,0x00000000261c0000)]
  0x000000001cfde000 JavaThread "Build operations" [_thread_in_Java, id=8068, stack(0x0000000025fc0000,0x00000000260c0000)]
  0x000000001cfe3000 JavaThread "Cache worker for cache directory md-rule (C:\Users\Eduardo\.gradle\caches\6.5\md-rule)" [_thread_blocked, id=1164, stack(0x0000000024ac0000,0x0000000024bc0000)]
  0x000000001cfe2800 JavaThread "Cache worker for cache directory md-supplier (C:\Users\Eduardo\.gradle\caches\6.5\md-supplier)" [_thread_blocked, id=3336, stack(0x00000000227f0000,0x00000000228f0000)]
  0x000000001cfe0000 JavaThread "Cache worker for checksums cache (C:\Users\Eduardo\AndroidStudioProjects\CalculadoraDeNotas\.gradle\checksums)" [_thread_blocked, id=2252, stack(0x00000000224f0000,0x00000000225f0000)]
  0x000000001cfe4800 JavaThread "Cache worker for file hash cache (C:\Users\Eduardo\AndroidStudioProjects\CalculadoraDeNotas\.gradle\6.5\fileHashes)" [_thread_blocked, id=396, stack(0x00000000221b0000,0x00000000222b0000)]
  0x000000001cfde800 JavaThread "Thread-331" [_thread_blocked, id=6464, stack(0x0000000021df0000,0x0000000021ef0000)]
  0x000000001cfe1000 JavaThread "Stdin handler" [_thread_blocked, id=9156, stack(0x0000000020df0000,0x0000000020ef0000)]
  0x000000001cfdb000 JavaThread "Asynchronous log dispatcher for DefaultDaemonConnection: socket connection from /127.0.0.1:50714 to /127.0.0.1:52782" [_thread_blocked, id=4968, stack(0x000000001e450000,0x000000001e550000)]
  0x000000001cfdd000 JavaThread "Daemon worker Thread 3" [_thread_blocked, id=4688, stack(0x000000001e350000,0x000000001e450000)]
  0x000000001cfe1800 JavaThread "Cancel handler" [_thread_blocked, id=4060, stack(0x000000001e250000,0x000000001e350000)]
  0x000000001cfdc800 JavaThread "Handler for socket connection from /127.0.0.1:50714 to /127.0.0.1:52782" [_thread_in_native, id=5236, stack(0x000000001e150000,0x000000001e250000)]
  0x000000001cfdb800 JavaThread "Daemon Thread 3" [_thread_blocked, id=4888, stack(0x000000001de50000,0x000000001df50000)]
  0x00000000203e5800 JavaThread "MarlinRenderer Disposer" daemon [_thread_blocked, id=6324, stack(0x00000000350f0000,0x00000000351f0000)]
  0x00000000203e2000 JavaThread "Java2D Disposer" daemon [_thread_blocked, id=3736, stack(0x0000000034ad0000,0x0000000034bd0000)]
  0x000000001fa31000 JavaThread "Memory manager" [_thread_blocked, id=8088, stack(0x0000000000f20000,0x0000000001020000)]
  0x000000001b17b800 JavaThread "Cache worker for file content cache (C:\Users\Eduardo\.gradle\caches\6.5\fileContent)" [_thread_blocked, id=3320, stack(0x00000000243c0000,0x00000000244c0000)]
  0x000000001b176000 JavaThread "Cache worker for execution history cache (C:\Users\Eduardo\.gradle\caches\6.5\executionHistory)" [_thread_blocked, id=1272, stack(0x0000000022af0000,0x0000000022bf0000)]
  0x000000001c504800 JavaThread "Cache worker for file hash cache (C:\Users\Eduardo\.gradle\caches\6.5\fileHashes)" [_thread_blocked, id=9632, stack(0x000000001e950000,0x000000001ea50000)]
  0x000000001c501800 JavaThread "File lock request listener" [_thread_in_native, id=3116, stack(0x000000001e850000,0x000000001e950000)]
  0x000000001c414000 JavaThread "Cache worker for journal cache (C:\Users\Eduardo\.gradle\caches\journal-1)" [_thread_blocked, id=2492, stack(0x000000001e750000,0x000000001e850000)]
  0x000000001c2c9000 JavaThread "Daemon periodic checks" [_thread_blocked, id=7104, stack(0x000000001db50000,0x000000001dc50000)]
  0x000000001c2b6000 JavaThread "Incoming local TCP Connector on port 50714" [_thread_in_native, id=2312, stack(0x000000001d8f0000,0x000000001d9f0000)]
  0x0000000019b56800 JavaThread "Daemon health stats" [_thread_blocked, id=3000, stack(0x000000001d2b0000,0x000000001d3b0000)]
  0x0000000019ad2800 JavaThread "Service Thread" daemon [_thread_blocked, id=2772, stack(0x000000001a710000,0x000000001a810000)]
  0x0000000019a48000 JavaThread "C1 CompilerThread3" daemon [_thread_blocked, id=5324, stack(0x000000001a610000,0x000000001a710000)]
  0x0000000019a37800 JavaThread "C2 CompilerThread2" daemon [_thread_in_native, id=9764, stack(0x000000001a510000,0x000000001a610000)]
  0x0000000019a37000 JavaThread "C2 CompilerThread1" daemon [_thread_in_native, id=1096, stack(0x000000001a410000,0x000000001a510000)]
=>0x0000000019a33000 JavaThread "C2 CompilerThread0" daemon [_thread_in_native, id=3740, stack(0x000000001a310000,0x000000001a410000)]
  0x0000000019a31000 JavaThread "Attach Listener" daemon [_thread_blocked, id=4588, stack(0x000000001a210000,0x000000001a310000)]
  0x0000000019a2e000 JavaThread "Signal Dispatcher" daemon [_thread_blocked, id=6288, stack(0x000000001a110000,0x000000001a210000)]
  0x0000000002bb7800 JavaThread "Finalizer" daemon [_thread_blocked, id=4064, stack(0x0000000019f00000,0x000000001a000000)]
  0x0000000019a20800 JavaThread "Reference Handler" daemon [_thread_blocked, id=1220, stack(0x0000000019e00000,0x0000000019f00000)]
  0x0000000002abe000 JavaThread "main" [_thread_blocked, id=3044, stack(0x0000000002950000,0x0000000002a50000)]

Other Threads:
  0x0000000017c28000 VMThread [stack: 0x0000000019900000,0x0000000019a00000] [id=3460]
  0x0000000019ad3000 WatcherThread [stack: 0x000000001a810000,0x000000001a910000] [id=1944]

VM state:not at safepoint (normal execution)

VM Mutex/Monitor currently owned by a thread: None

heap address: 0x0000000080000000, size: 2048 MB, Compressed Oops mode: 32-bit
Narrow klass base: 0x0000000000000000, Narrow klass shift: 3
Compressed class space size: 1073741824 Address: 0x0000000100000000

Heap:
 PSYoungGen      total 662016K, used 634439K [0x00000000d5580000, 0x0000000100000000, 0x0000000100000000)
  eden space 625152K, 97% used [0x00000000d5580000,0x00000000faa41da0,0x00000000fb800000)
  from space 36864K, 63% used [0x00000000fdc00000,0x00000000ff2cfe98,0x0000000100000000)
  to   space 36864K, 0% used [0x00000000fb800000,0x00000000fb800000,0x00000000fdc00000)
 ParOldGen       total 215552K, used 173125K [0x0000000080000000, 0x000000008d280000, 0x00000000d5580000)
  object space 215552K, 80% used [0x0000000080000000,0x000000008a9116b8,0x000000008d280000)
 Metaspace       used 116261K, capacity 121894K, committed 124672K, reserved 1157120K
  class space    used 14773K, capacity 15803K, committed 16384K, reserved 1048576K

Card table byte_map: [0x0000000011f80000,0x0000000012390000] byte_map_base: 0x0000000011b80000

Marking Bits: (ParMarkBitMap*) 0x000000007135f030
 Begin Bits: [0x0000000012e40000, 0x0000000014e40000)
 End Bits:   [0x0000000014e40000, 0x0000000016e40000)

Polling page: 0x0000000001120000

CodeCache: size=245760Kb used=70805Kb max_used=70805Kb free=174954Kb
 bounds [0x0000000002bc0000, 0x00000000071a0000, 0x0000000011bc0000]
 total_blobs=21088 nmethods=20026 adapters=970
 compilation: enabled

Compilation events (10 events):
Event: 2641.276 Thread 0x0000000019a48000 25686 %     3       com.android.tools.r8.graph.g0::a @ 28 (132 bytes)
Event: 2641.277 Thread 0x0000000019a48000 nmethod 25686% 0x00000000067d6b90 code [0x00000000067d6d80, 0x00000000067d74e8]
Event: 2641.277 Thread 0x0000000019a48000 25687       1       com.android.tools.r8.s.b.R0::m0 (2 bytes)
Event: 2641.277 Thread 0x0000000019a48000 nmethod 25687 0x0000000006256b90 code [0x0000000006256ce0, 0x0000000006256df0]
Event: 2641.308 Thread 0x0000000019a48000 25689 %     3       com.android.tools.r8.utils.J::a @ 33 (102 bytes)
Event: 2641.309 Thread 0x0000000019a48000 nmethod 25689% 0x000000000364df50 code [0x000000000364e180, 0x000000000364ee08]
Event: 2641.327 Thread 0x0000000019a48000 25690 %     3       com.android.tools.r8.s.b.o::a @ 8 (36 bytes)
Event: 2641.328 Thread 0x0000000019a48000 nmethod 25690% 0x0000000003998b90 code [0x0000000003998da0, 0x0000000003999878]
Event: 2641.349 Thread 0x0000000019a48000 25692 %     3       com.android.tools.r8.ir.conversion.N::a @ 214 (578 bytes)
Event: 2641.358 Thread 0x0000000019a48000 nmethod 25692% 0x0000000006823f90 code [0x0000000006824560, 0x0000000006827cd8]

GC Heap History (10 events):
Event: 2634.064 GC heap before
{Heap before GC invocations=22 (full 4):
 PSYoungGen      total 596992K, used 596771K [0x00000000d5580000, 0x00000000fe400000, 0x0000000100000000)
  eden space 582656K, 100% used [0x00000000d5580000,0x00000000f8e80000,0x00000000f8e80000)
  from space 14336K, 98% used [0x00000000fb300000,0x00000000fc0c8f50,0x00000000fc100000)
  to   space 34304K, 0% used [0x00000000fc280000,0x00000000fc280000,0x00000000fe400000)
 ParOldGen       total 147968K, used 97240K [0x0000000080000000, 0x0000000089080000, 0x00000000d5580000)
  object space 147968K, 65% used [0x0000000080000000,0x0000000085ef60f0,0x0000000089080000)
 Metaspace       used 116371K, capacity 123348K, committed 123392K, reserved 1157120K
  class space    used 15091K, capacity 16379K, committed 16384K, reserved 1048576K
Event: 2634.318 GC heap after
Heap after GC invocations=22 (full 4):
 PSYoungGen      total 596992K, used 596771K [0x00000000d5580000, 0x00000000fe400000, 0x0000000100000000)
  eden space 582656K, 100% used [0x00000000d5580000,0x00000000f8e80000,0x00000000f8e80000)
  from space 14336K, 98% used [0x00000000fb300000,0x00000000fc0c8f50,0x00000000fc100000)
  to   space 34304K, 99% used [0x00000000fc280000,0x00000000fe3f9520,0x00000000fe400000)
 ParOldGen       total 160768K, used 160485K [0x0000000080000000, 0x0000000089d00000, 0x00000000d5580000)
  object space 160768K, 99% used [0x0000000080000000,0x0000000089cb94e0,0x0000000089d00000)
 Metaspace       used 116371K, capacity 123348K, committed 123392K, reserved 1157120K
  class space    used 15091K, capacity 16379K, committed 16384K, reserved 1048576K
}
Event: 2634.318 GC heap before
{Heap before GC invocations=23 (full 5):
 PSYoungGen      total 596992K, used 596771K [0x00000000d5580000, 0x00000000fe400000, 0x0000000100000000)
  eden space 582656K, 100% used [0x00000000d5580000,0x00000000f8e80000,0x00000000f8e80000)
  from space 14336K, 98% used [0x00000000fb300000,0x00000000fc0c8f50,0x00000000fc100000)
  to   space 34304K, 99% used [0x00000000fc280000,0x00000000fe3f9520,0x00000000fe400000)
 ParOldGen       total 160768K, used 160485K [0x0000000080000000, 0x0000000089d00000, 0x00000000d5580000)
  object space 160768K, 99% used [0x0000000080000000,0x0000000089cb94e0,0x0000000089d00000)
 Metaspace       used 116371K, capacity 123348K, committed 123392K, reserved 1157120K
  class space    used 15091K, capacity 16379K, committed 16384K, reserved 1048576K
Event: 2635.065 GC heap after
Heap after GC invocations=23 (full 5):
 PSYoungGen      total 596992K, used 0K [0x00000000d5580000, 0x00000000fe400000, 0x0000000100000000)
  eden space 582656K, 0% used [0x00000000d5580000,0x00000000d5580000,0x00000000f8e80000)
  from space 14336K, 0% used [0x00000000fb300000,0x00000000fb300000,0x00000000fc100000)
  to   space 34304K, 0% used [0x00000000fc280000,0x00000000fc280000,0x00000000fe400000)
 ParOldGen       total 215552K, used 145204K [0x0000000080000000, 0x000000008d280000, 0x00000000d5580000)
  object space 215552K, 67% used [0x0000000080000000,0x0000000088dcd2a0,0x000000008d280000)
 Metaspace       used 114895K, capacity 120386K, committed 123392K, reserved 1157120K
  class space    used 14734K, capacity 15747K, committed 16384K, reserved 1048576K
}
Event: 2637.335 GC heap before
{Heap before GC invocations=24 (full 5):
 PSYoungGen      total 596992K, used 582656K [0x00000000d5580000, 0x00000000fe400000, 0x0000000100000000)
  eden space 582656K, 100% used [0x00000000d5580000,0x00000000f8e80000,0x00000000f8e80000)
  from space 14336K, 0% used [0x00000000fb300000,0x00000000fb300000,0x00000000fc100000)
  to   space 34304K, 0% used [0x00000000fc280000,0x00000000fc280000,0x00000000fe400000)
 ParOldGen       total 215552K, used 145204K [0x0000000080000000, 0x000000008d280000, 0x00000000d5580000)
  object space 215552K, 67% used [0x0000000080000000,0x0000000088dcd2a0,0x000000008d280000)
 Metaspace       used 115702K, capacity 121262K, committed 124160K, reserved 1157120K
  class space    used 14767K, capacity 15797K, committed 16384K, reserved 1048576K
Event: 2637.375 GC heap after
Heap after GC invocations=24 (full 5):
 PSYoungGen      total 634880K, used 24194K [0x00000000d5580000, 0x0000000100000000, 0x0000000100000000)
  eden space 600576K, 0% used [0x00000000d5580000,0x00000000d5580000,0x00000000fa000000)
  from space 34304K, 70% used [0x00000000fc280000,0x00000000fda20868,0x00000000fe400000)
  to   space 35328K, 0% used [0x00000000fa000000,0x00000000fa000000,0x00000000fc280000)
 ParOldGen       total 215552K, used 145212K [0x0000000080000000, 0x000000008d280000, 0x00000000d5580000)
  object space 215552K, 67% used [0x0000000080000000,0x0000000088dcf2a0,0x000000008d280000)
 Metaspace       used 115702K, capacity 121262K, committed 124160K, reserved 1157120K
  class space    used 14767K, capacity 15797K, committed 16384K, reserved 1048576K
}
Event: 2638.973 GC heap before
{Heap before GC invocations=25 (full 5):
 PSYoungGen      total 634880K, used 624770K [0x00000000d5580000, 0x0000000100000000, 0x0000000100000000)
  eden space 600576K, 100% used [0x00000000d5580000,0x00000000fa000000,0x00000000fa000000)
  from space 34304K, 70% used [0x00000000fc280000,0x00000000fda20868,0x00000000fe400000)
  to   space 35328K, 0% used [0x00000000fa000000,0x00000000fa000000,0x00000000fc280000)
 ParOldGen       total 215552K, used 145212K [0x0000000080000000, 0x000000008d280000, 0x00000000d5580000)
  object space 215552K, 67% used [0x0000000080000000,0x0000000088dcf2a0,0x000000008d280000)
 Metaspace       used 116035K, capacity 121684K, committed 124416K, reserved 1157120K
  class space    used 14770K, capacity 15802K, committed 16384K, reserved 1048576K
Event: 2639.029 GC heap after
Heap after GC invocations=25 (full 5):
 PSYoungGen      total 635904K, used 24579K [0x00000000d5580000, 0x0000000100000000, 0x0000000100000000)
  eden space 600576K, 0% used [0x00000000d5580000,0x00000000d5580000,0x00000000fa000000)
  from space 35328K, 69% used [0x00000000fa000000,0x00000000fb800cf0,0x00000000fc280000)
  to   space 36864K, 0% used [0x00000000fdc00000,0x00000000fdc00000,0x0000000100000000)
 ParOldGen       total 215552K, used 158521K [0x0000000080000000, 0x000000008d280000, 0x00000000d5580000)
  object space 215552K, 73% used [0x0000000080000000,0x0000000089ace798,0x000000008d280000)
 Metaspace       used 116035K, capacity 121684K, committed 124416K, reserved 1157120K
  class space    used 14770K, capacity 15802K, committed 16384K, reserved 1048576K
}
Event: 2640.245 GC heap before
{Heap before GC invocations=26 (full 5):
 PSYoungGen      total 635904K, used 625155K [0x00000000d5580000, 0x0000000100000000, 0x0000000100000000)
  eden space 600576K, 100% used [0x00000000d5580000,0x00000000fa000000,0x00000000fa000000)
  from space 35328K, 69% used [0x00000000fa000000,0x00000000fb800cf0,0x00000000fc280000)
  to   space 36864K, 0% used [0x00000000fdc00000,0x00000000fdc00000,0x0000000100000000)
 ParOldGen       total 215552K, used 158521K [0x0000000080000000, 0x000000008d280000, 0x00000000d5580000)
  object space 215552K, 73% used [0x0000000080000000,0x0000000089ace798,0x000000008d280000)
 Metaspace       used 116149K, capacity 121764K, committed 124416K, reserved 1157120K
  class space    used 14771K, capacity 15802K, committed 16384K, reserved 1048576K
Event: 2640.306 GC heap after
Heap after GC invocations=26 (full 5):
 PSYoungGen      total 662016K, used 23359K [0x00000000d5580000, 0x0000000100000000, 0x0000000100000000)
  eden space 625152K, 0% used [0x00000000d5580000,0x00000000d5580000,0x00000000fb800000)
  from space 36864K, 63% used [0x00000000fdc00000,0x00000000ff2cfe98,0x0000000100000000)
  to   space 36864K, 0% used [0x00000000fb800000,0x00000000fb800000,0x00000000fdc00000)
 ParOldGen       total 215552K, used 173125K [0x0000000080000000, 0x000000008d280000, 0x00000000d5580000)
  object space 215552K, 80% used [0x0000000080000000,0x000000008a9116b8,0x000000008d280000)
 Metaspace       used 116149K, capacity 121764K, committed 124416K, reserved 1157120K
  class space    used 14771K, capacity 15802K, committed 16384K, reserved 1048576K
}

Deoptimization events (10 events):
Event: 2637.533 Thread 0x000000001cfea000 Uncommon trap: reason=null_check action=make_not_entrant pc=0x0000000006502c8c method=com.android.tools.r8.graph.i0.computeEquals(Ljava/lang/Object;)Z @ 1
Event: 2638.211 Thread 0x000000001cfe7800 Uncommon trap: reason=unstable_if action=reinterpret pc=0x00000000031473fc method=java.lang.Long.numberOfTrailingZeros(J)I @ 3
Event: 2638.557 Thread 0x000000001cfe7800 Uncommon trap: reason=unstable_if action=reinterpret pc=0x0000000006656090 method=java.util.concurrent.ConcurrentHashMap.computeIfAbsent(Ljava/lang/Object;Ljava/util/function/Function;)Ljava/lang/Object; @ 456
Event: 2639.995 Thread 0x000000001cfe5800 Uncommon trap: reason=unstable_if action=reinterpret pc=0x0000000006574040 method=java.util.stream.AbstractSpinedBuffer.count()J @ 4
Event: 2640.100 Thread 0x000000001cfe4000 Uncommon trap: reason=class_check action=maybe_recompile pc=0x0000000006f201b4 method=com.android.tools.r8.ir.conversion.o.a(Lcom/android/tools/r8/ir/conversion/N;IZ)V @ 524
Event: 2640.347 Thread 0x000000001cfe6000 Uncommon trap: reason=unstable_if action=reinterpret pc=0x0000000005c67b1c method=com.google.common.base.Objects.equal(Ljava/lang/Object;Ljava/lang/Object;)Z @ 6
Event: 2640.649 Thread 0x000000001cfe4000 Uncommon trap: reason=unstable_if action=reinterpret pc=0x0000000006f1fa80 method=com.android.tools.r8.t.a.a.a.f.X$e.contains(Ljava/lang/Object;)Z @ 71
Event: 2640.695 Thread 0x000000001cfe4000 Uncommon trap: reason=class_check action=maybe_recompile pc=0x000000000709e15c method=com.android.tools.r8.s.a.h.e.b(Lcom/android/tools/r8/s/b/k0;)V @ 244
Event: 2640.733 Thread 0x000000001cfde000 Uncommon trap: reason=class_check action=maybe_recompile pc=0x00000000054ebcd4 method=com.android.tools.r8.t.a.a.a.f.e.putAll(Ljava/util/Map;)V @ 3
Event: 2641.366 Thread 0x000000001cfe4000 Uncommon trap: reason=class_check action=maybe_recompile pc=0x000000000709e15c method=com.android.tools.r8.s.a.h.e.b(Lcom/android/tools/r8/s/b/k0;)V @ 244

Classes redefined (0 events):
No events

Internal exceptions (10 events):
Event: 2640.032 Thread 0x000000001cfe7800 Exception <a 'sun/nio/fs/WindowsException'> (0x00000000f2c695a0) thrown at [C:\src\AOSP-openjdk-git\hotspot\src\share\vm\prims\jni.cpp, line 710]
Event: 2640.156 Thread 0x000000001cfe7800 Exception <a 'sun/nio/fs/WindowsException'> (0x00000000f599e6e0) thrown at [C:\src\AOSP-openjdk-git\hotspot\src\share\vm\prims\jni.cpp, line 710]
Event: 2640.221 Thread 0x000000001cfe7000 Exception <a 'sun/nio/fs/WindowsException'> (0x00000000f92a0db0) thrown at [C:\src\AOSP-openjdk-git\hotspot\src\share\vm\prims\jni.cpp, line 710]
Event: 2640.331 Thread 0x000000001cfe7800 Exception <a 'sun/nio/fs/WindowsException'> (0x00000000d652d1b8) thrown at [C:\src\AOSP-openjdk-git\hotspot\src\share\vm\prims\jni.cpp, line 710]
Event: 2640.347 Thread 0x000000001cfe6000 Implicit null exception at 0x0000000005c676b2 to 0x0000000005c67b01
Event: 2640.472 Thread 0x000000001cfe6000 Exception <a 'sun/nio/fs/WindowsException'> (0x00000000d8ab4320) thrown at [C:\src\AOSP-openjdk-git\hotspot\src\share\vm\prims\jni.cpp, line 710]
Event: 2640.535 Thread 0x000000001cfea000 Exception <a 'sun/nio/fs/WindowsException'> (0x00000000db5b1a78) thrown at [C:\src\AOSP-openjdk-git\hotspot\src\share\vm\prims\jni.cpp, line 710]
Event: 2640.560 Thread 0x000000001cfe6000 Exception <a 'sun/nio/fs/WindowsException'> (0x00000000dc604b48) thrown at [C:\src\AOSP-openjdk-git\hotspot\src\share\vm\prims\jni.cpp, line 710]
Event: 2641.001 Thread 0x000000001cfe6000 Exception <a 'sun/nio/fs/WindowsException'> (0x00000000e9b2c9f8) thrown at [C:\src\AOSP-openjdk-git\hotspot\src\share\vm\prims\jni.cpp, line 710]
Event: 2641.225 Thread 0x000000001cfea000 Exception <a 'sun/nio/fs/WindowsException'> (0x00000000f1ccfb80) thrown at [C:\src\AOSP-openjdk-git\hotspot\src\share\vm\prims\jni.cpp, line 710]

Events (10 events):
Event: 2641.202 Thread 0x000000001cfe7000 DEOPT UNPACKING pc=0x0000000002c071d0 sp=0x000000002675a058 mode 0
Event: 2641.221 Thread 0x000000001cfe7000 DEOPT PACKING pc=0x00000000069f3755 sp=0x000000002675a210
Event: 2641.221 Thread 0x000000001cfe7000 DEOPT UNPACKING pc=0x0000000002c071d0 sp=0x000000002675a058 mode 0
Event: 2641.263 Thread 0x000000001cfe4000 DEOPT PACKING pc=0x00000000069f3a19 sp=0x0000000026a5a210
Event: 2641.263 Thread 0x000000001cfe4000 DEOPT UNPACKING pc=0x0000000002c071d0 sp=0x0000000026a5a060 mode 0
Event: 2641.305 Thread 0x000000001cfe5800 DEOPT PACKING pc=0x00000000069f3755 sp=0x000000002655a4a0
Event: 2641.305 Thread 0x000000001cfe5800 DEOPT UNPACKING pc=0x0000000002c071d0 sp=0x000000002655a2e8 mode 0
Event: 2641.366 Thread 0x000000001cfe4000 Uncommon trap: trap_request=0xffffffde fr.pc=0x000000000709e15c
Event: 2641.366 Thread 0x000000001cfe4000 DEOPT PACKING pc=0x000000000709e15c sp=0x0000000026a5a6a0
Event: 2641.366 Thread 0x000000001cfe4000 DEOPT UNPACKING pc=0x0000000002c0557b sp=0x0000000026a5a688 mode 2


Dynamic libraries:
0x00007ff703e60000 - 0x00007ff703e91000 	C:\Program Files\Android\Android Studio\jre\bin\java.exe
0x00007fff97d70000 - 0x00007fff97f65000 	C:\WINDOWS\SYSTEM32\ntdll.dll
0x00007fff75a90000 - 0x00007fff75aa2000 	C:\Program Files\AVG\Antivirus\aswhook.dll
0x00007fff97300000 - 0x00007fff973bd000 	C:\WINDOWS\System32\KERNEL32.DLL
0x00007fff95530000 - 0x00007fff957f9000 	C:\WINDOWS\System32\KERNELBASE.dll
0x00007fff96020000 - 0x00007fff960cc000 	C:\WINDOWS\System32\ADVAPI32.dll
0x00007fff95e30000 - 0x00007fff95ece000 	C:\WINDOWS\System32\msvcrt.dll
0x00007fff97850000 - 0x00007fff978ec000 	C:\WINDOWS\System32\sechost.dll
0x00007fff96600000 - 0x00007fff9672b000 	C:\WINDOWS\System32\RPCRT4.dll
0x00007fff973c0000 - 0x00007fff97560000 	C:\WINDOWS\System32\USER32.dll
0x00007fff95da0000 - 0x00007fff95dc2000 	C:\WINDOWS\System32\win32u.dll
0x00007fff96520000 - 0x00007fff9654a000 	C:\WINDOWS\System32\GDI32.dll
0x00007fff95900000 - 0x00007fff95a0b000 	C:\WINDOWS\System32\gdi32full.dll
0x00007fff95a10000 - 0x00007fff95aad000 	C:\WINDOWS\System32\msvcp_win.dll
0x00007fff95800000 - 0x00007fff95900000 	C:\WINDOWS\System32\ucrtbase.dll
0x00007fff83c60000 - 0x00007fff83efa000 	C:\WINDOWS\WinSxS\amd64_microsoft.windows.common-controls_6595b64144ccf1df_6.0.19041.844_none_ca00b6081b84eb1d\COMCTL32.dll
0x00007fff97a10000 - 0x00007fff97a40000 	C:\WINDOWS\System32\IMM32.DLL
0x00000000709d0000 - 0x0000000070aa2000 	C:\Program Files\Android\Android Studio\jre\jre\bin\msvcr100.dll
0x0000000070b90000 - 0x00000000713db000 	C:\Program Files\Android\Android Studio\jre\jre\bin\server\jvm.dll
0x00007fff96e80000 - 0x00007fff96e88000 	C:\WINDOWS\System32\PSAPI.DLL
0x00007fff89a60000 - 0x00007fff89a69000 	C:\WINDOWS\SYSTEM32\WSOCK32.dll
0x00007fff844f0000 - 0x00007fff84517000 	C:\WINDOWS\SYSTEM32\WINMM.dll
0x00007fff8fca0000 - 0x00007fff8fcaa000 	C:\WINDOWS\SYSTEM32\VERSION.dll
0x00007fff96150000 - 0x00007fff961bb000 	C:\WINDOWS\System32\WS2_32.dll
0x00007fff8ed00000 - 0x00007fff8ed0f000 	C:\Program Files\Android\Android Studio\jre\jre\bin\verify.dll
0x00007fff8d850000 - 0x00007fff8d879000 	C:\Program Files\Android\Android Studio\jre\jre\bin\java.dll
0x00007fff8ece0000 - 0x00007fff8ecf6000 	C:\Program Files\Android\Android Studio\jre\jre\bin\zip.dll
0x00007fff96730000 - 0x00007fff96e72000 	C:\WINDOWS\System32\SHELL32.dll
0x00007fff93630000 - 0x00007fff93dc0000 	C:\WINDOWS\SYSTEM32\windows.storage.dll
0x00007fff961c0000 - 0x00007fff96515000 	C:\WINDOWS\System32\combase.dll
0x00007fff94eb0000 - 0x00007fff94edc000 	C:\WINDOWS\SYSTEM32\Wldp.dll
0x00007fff96550000 - 0x00007fff965fe000 	C:\WINDOWS\System32\SHCORE.dll
0x00007fff95fc0000 - 0x00007fff96015000 	C:\WINDOWS\System32\shlwapi.dll
0x00007fff953f0000 - 0x00007fff9540f000 	C:\WINDOWS\SYSTEM32\profapi.dll
0x00007fff8d7d0000 - 0x00007fff8d7ea000 	C:\Program Files\Android\Android Studio\jre\jre\bin\net.dll
0x00007fff94c30000 - 0x00007fff94c9a000 	C:\WINDOWS\system32\mswsock.dll
0x00007fff8d600000 - 0x00007fff8d613000 	C:\Program Files\Android\Android Studio\jre\jre\bin\nio.dll
0x00007fff86080000 - 0x00007fff860a7000 	C:\Users\Eduardo\.gradle\native\f6784746aeab05261644944871eae4fe03e0ef1612fff0a4a95f87b438bc6780\windows-amd64\native-platform.dll
0x00007fff8d5f0000 - 0x00007fff8d5fd000 	C:\Program Files\Android\Android Studio\jre\jre\bin\management.dll
0x00007fff94e00000 - 0x00007fff94e18000 	C:\WINDOWS\SYSTEM32\CRYPTSP.dll
0x00007fff94570000 - 0x00007fff945a4000 	C:\WINDOWS\system32\rsaenh.dll
0x00007fff95500000 - 0x00007fff95527000 	C:\WINDOWS\System32\bcrypt.dll
0x00007fff953b0000 - 0x00007fff953de000 	C:\WINDOWS\SYSTEM32\USERENV.dll
0x00007fff95ab0000 - 0x00007fff95b30000 	C:\WINDOWS\System32\bcryptprimitives.dll
0x00007fff94e20000 - 0x00007fff94e2c000 	C:\WINDOWS\SYSTEM32\CRYPTBASE.dll
0x00007fff94920000 - 0x00007fff9495b000 	C:\WINDOWS\SYSTEM32\IPHLPAPI.DLL
0x00007fff97d20000 - 0x00007fff97d28000 	C:\WINDOWS\System32\NSI.dll
0x00007fff90b60000 - 0x00007fff90b77000 	C:\WINDOWS\SYSTEM32\dhcpcsvc6.DLL
0x00007fff90c50000 - 0x00007fff90c6d000 	C:\WINDOWS\SYSTEM32\dhcpcsvc.DLL
0x00007fff94960000 - 0x00007fff94a2b000 	C:\WINDOWS\SYSTEM32\DNSAPI.dll
0x00007fff90ce0000 - 0x00007fff90ceb000 	C:\WINDOWS\SYSTEM32\WINNSI.DLL
0x00007fff7ed20000 - 0x00007fff7ed44000 	C:\Program Files\Android\Android Studio\jre\jre\bin\sunec.dll
0x00007fff8e5a0000 - 0x00007fff8e5aa000 	C:\Windows\System32\rasadhlp.dll
0x00007fff8e600000 - 0x00007fff8e67f000 	C:\WINDOWS\System32\fwpuclnt.dll
0x00007fff8fa10000 - 0x00007fff8fa1b000 	C:\Program Files\Android\Android Studio\jre\jre\bin\sunmscapi.dll
0x00007fff95c40000 - 0x00007fff95d9f000 	C:\WINDOWS\System32\CRYPT32.dll
0x00007fff94200000 - 0x00007fff94233000 	C:\WINDOWS\SYSTEM32\ntmarta.dll
0x00007fff8d450000 - 0x00007fff8d5ec000 	C:\Program Files\Android\Android Studio\jre\jre\bin\awt.dll
0x00007fff97a40000 - 0x00007fff97b0d000 	C:\WINDOWS\System32\OLEAUT32.dll
0x00007fff93050000 - 0x00007fff9307f000 	C:\WINDOWS\SYSTEM32\dwmapi.dll
0x00007fff916f0000 - 0x00007fff91cb0000 	C:\WINDOWS\SYSTEM32\d2d1.dll
0x00007fff92da0000 - 0x00007fff92e30000 	C:\WINDOWS\SYSTEM32\apphelp.dll
0x00007fff92f70000 - 0x00007fff9300e000 	C:\WINDOWS\system32\uxtheme.dll
0x00007fff8e5e0000 - 0x00007fff8e5fe000 	C:\Users\Eduardo\AppData\Local\Temp\native-platform1990151999114117553dir\native-platform.dll

VM Arguments:
jvm_args: -Xmx2048m -Dfile.encoding=UTF-8 -Duser.country=BR -Duser.language=pt -Duser.variant 
java_command: org.gradle.launcher.daemon.bootstrap.GradleDaemon 6.5
java_class_path (initial): C:\Users\Eduardo\.gradle\wrapper\dists\gradle-6.5-bin\6nifqtx7604sqp1q6g8wikw7p\gradle-6.5\lib\gradle-launcher-6.5.jar
Launcher Type: SUN_STANDARD

Environment Variables:
PATH=C:\Program Files (x86)\Common Files\Oracle\Java\javapath;C:\Program Files (x86)\NVIDIA Corporation\PhysX\Common;C:\WINDOWS\system32;C:\WINDOWS;C:\WINDOWS\System32\Wbem;C:\WINDOWS\System32\WindowsPowerShell\v1.0\;C:\WINDOWS\System32\OpenSSH\;C:\Program Files\dotnet\;C:\Program Files\Git\cmd;C:\Users\Eduardo\AppData\Local\Microsoft\WindowsApps;C:\Program Files\Java\jdk1.8.0_281\bin;C:\Users\Eduardo\.dotnet\tools;C:\Program Files\JetBrains\IntelliJ IDEA Community Edition 2020.3.2\bin;
USERNAME=Eduardo
OS=Windows_NT
PROCESSOR_IDENTIFIER=Intel64 Family 6 Model 30 Stepping 5, GenuineIntel



---------------  S Y S T E M  ---------------

OS: Windows 10.0 , 64 bit Build 19041 (10.0.19041.804)

CPU:total 8 (initial active 8) (4 cores per cpu, 2 threads per core) family 6 model 30 stepping 5, cmov, cx8, fxsr, mmx, sse, sse2, sse3, ssse3, sse4.1, sse4.2, popcnt, ht, tsc, tscinvbit

Memory: 4k page, physical 8320380k(586268k free), swap 8320380k(3972k free)

vm_info: OpenJDK 64-Bit Server VM (25.242-b01) for windows-amd64 JRE (1.8.0_242-release-1644-b01), built by "builder" with MS VC++ 10.0 (VS2010)

time: Thu Feb 25 17:26:10 2021
timezone: Hora oficial do Brasil
elapsed time: 2641 seconds (0d 0h 44m 1s)

